<?xml version="1.0" encoding="UTF-8"?>
<!-- Generated by org.testng.reporters.JUnitReportReporter -->
<testsuite skipped="1" hostname="Dmazes-MacBook-Pro.local" name="com.pack.test1.HomepageTest" tests="2" failures="0" timestamp="2020-09-05T12:36:08 EDT" time="2.503" errors="1">
  <testcase name="setup" time="2.503" classname="com.pack.test1.HomepageTest">
    <error type="org.openqa.selenium.SessionNotCreatedException" message="session not created: This version of ChromeDriver only supports Chrome version 83
Build info: version: &#039;4.0.0-alpha-3&#039;, revision: &#039;8c567de6dc&#039;
System info: host: &#039;Dmazes-MacBook-Pro.local&#039;, ip: &#039;fe80:0:0:0:b9:8429:f15c:33e6%en0&#039;, os.name: &#039;Mac OS X&#039;, os.arch: &#039;x86_64&#039;, os.version: &#039;10.15.6&#039;, java.version: &#039;1.8.0_251&#039;
Driver info: driver.version: ChromeDriver
remote stacktrace: 0   chromedriver                        0x0000000109f96e99 chromedriver + 4808345
1   chromedriver                        0x0000000109f315f3 chromedriver + 4392435
2   chromedriver                        0x0000000109bbd29d chromedriver + 770717
3   chromedriver                        0x0000000109b1a689 chromedriver + 104073
4   chromedriver                        0x0000000109b16940 chromedriver + 88384
5   chromedriver                        0x0000000109b13c99 chromedriver + 76953
6   chromedriver                        0x0000000109b45fa3 chromedriver + 282531
7   chromedriver                        0x0000000109b42da3 chromedriver + 269731
8   chromedriver                        0x0000000109b1c8dd chromedriver + 112861
9   chromedriver                        0x0000000109b1d875 chromedriver + 116853
10  chromedriver                        0x0000000109f5947f chromedriver + 4555903
11  chromedriver                        0x0000000109f6677a chromedriver + 4609914
12  chromedriver                        0x0000000109f66509 chromedriver + 4609289
13  chromedriver                        0x0000000109f3d319 chromedriver + 4440857
14  chromedriver                        0x0000000109f66d03 chromedriver + 4611331
15  chromedriver                        0x0000000109f4f083 chromedriver + 4513923
16  chromedriver                        0x0000000109f7d454 chromedriver + 4703316
17  chromedriver                        0x0000000109f9cf57 chromedriver + 4833111
18  libsystem_pthread.dylib             0x00007fff6c5b8109 _pthread_start + 148
19  libsystem_pthread.dylib             0x00007fff6c5b3b8b thread_start + 15
">
      <![CDATA[org.openqa.selenium.SessionNotCreatedException: session not created: This version of ChromeDriver only supports Chrome version 83
Build info: version: '4.0.0-alpha-3', revision: '8c567de6dc'
System info: host: 'Dmazes-MacBook-Pro.local', ip: 'fe80:0:0:0:b9:8429:f15c:33e6%en0', os.name: 'Mac OS X', os.arch: 'x86_64', os.version: '10.15.6', java.version: '1.8.0_251'
Driver info: driver.version: ChromeDriver
remote stacktrace: 0   chromedriver                        0x0000000109f96e99 chromedriver + 4808345
1   chromedriver                        0x0000000109f315f3 chromedriver + 4392435
2   chromedriver                        0x0000000109bbd29d chromedriver + 770717
3   chromedriver                        0x0000000109b1a689 chromedriver + 104073
4   chromedriver                        0x0000000109b16940 chromedriver + 88384
5   chromedriver                        0x0000000109b13c99 chromedriver + 76953
6   chromedriver                        0x0000000109b45fa3 chromedriver + 282531
7   chromedriver                        0x0000000109b42da3 chromedriver + 269731
8   chromedriver                        0x0000000109b1c8dd chromedriver + 112861
9   chromedriver                        0x0000000109b1d875 chromedriver + 116853
10  chromedriver                        0x0000000109f5947f chromedriver + 4555903
11  chromedriver                        0x0000000109f6677a chromedriver + 4609914
12  chromedriver                        0x0000000109f66509 chromedriver + 4609289
13  chromedriver                        0x0000000109f3d319 chromedriver + 4440857
14  chromedriver                        0x0000000109f66d03 chromedriver + 4611331
15  chromedriver                        0x0000000109f4f083 chromedriver + 4513923
16  chromedriver                        0x0000000109f7d454 chromedriver + 4703316
17  chromedriver                        0x0000000109f9cf57 chromedriver + 4833111
18  libsystem_pthread.dylib             0x00007fff6c5b8109 _pthread_start + 148
19  libsystem_pthread.dylib             0x00007fff6c5b3b8b thread_start + 15

at sun.reflect.NativeConstructorAccessorImpl.newInstance0(Native Method)
at sun.reflect.NativeConstructorAccessorImpl.newInstance(NativeConstructorAccessorImpl.java:62)
at sun.reflect.DelegatingConstructorAccessorImpl.newInstance(DelegatingConstructorAccessorImpl.java:45)
at java.lang.reflect.Constructor.newInstance(Constructor.java:423)
at org.openqa.selenium.remote.W3CHandshakeResponse.lambda$errorHandler$0(W3CHandshakeResponse.java:62)
at org.openqa.selenium.remote.HandshakeResponse.lambda$getResponseFunction$0(HandshakeResponse.java:30)
at org.openqa.selenium.remote.ProtocolHandshake.lambda$createSession$1(ProtocolHandshake.java:127)
at java.util.stream.ReferencePipeline$3$1.accept(ReferencePipeline.java:193)
at java.util.Spliterators$ArraySpliterator.tryAdvance(Spliterators.java:958)
at java.util.stream.ReferencePipeline.forEachWithCancel(ReferencePipeline.java:126)
at java.util.stream.AbstractPipeline.copyIntoWithCancel(AbstractPipeline.java:499)
at java.util.stream.AbstractPipeline.copyInto(AbstractPipeline.java:486)
at java.util.stream.AbstractPipeline.wrapAndCopyInto(AbstractPipeline.java:472)
at java.util.stream.FindOps$FindOp.evaluateSequential(FindOps.java:152)
at java.util.stream.AbstractPipeline.evaluate(AbstractPipeline.java:234)
at java.util.stream.ReferencePipeline.findFirst(ReferencePipeline.java:464)
at org.openqa.selenium.remote.ProtocolHandshake.createSession(ProtocolHandshake.java:129)
at org.openqa.selenium.remote.ProtocolHandshake.createSession(ProtocolHandshake.java:75)
at org.openqa.selenium.remote.HttpCommandExecutor.execute(HttpCommandExecutor.java:139)
at org.openqa.selenium.remote.service.DriverCommandExecutor.execute(DriverCommandExecutor.java:83)
at org.openqa.selenium.remote.RemoteWebDriver.execute(RemoteWebDriver.java:576)
at org.openqa.selenium.remote.RemoteWebDriver.startSession(RemoteWebDriver.java:210)
at org.openqa.selenium.remote.RemoteWebDriver.<init>(RemoteWebDriver.java:130)
at org.openqa.selenium.chromium.ChromiumDriver.<init>(ChromiumDriver.java:75)
at org.openqa.selenium.chrome.ChromeDriver.<init>(ChromeDriver.java:163)
at org.openqa.selenium.chrome.ChromeDriver.<init>(ChromeDriver.java:150)
at org.openqa.selenium.chrome.ChromeDriver.<init>(ChromeDriver.java:105)
at com.pack.test1.BaseTest.setup(BaseTest.java:38)
at sun.reflect.NativeMethodAccessorImpl.invoke0(Native Method)
at sun.reflect.NativeMethodAccessorImpl.invoke(NativeMethodAccessorImpl.java:62)
at sun.reflect.DelegatingMethodAccessorImpl.invoke(DelegatingMethodAccessorImpl.java:43)
at java.lang.reflect.Method.invoke(Method.java:498)
at org.testng.internal.MethodInvocationHelper.invokeMethod(MethodInvocationHelper.java:135)
at org.testng.internal.MethodInvocationHelper.invokeMethodConsideringTimeout(MethodInvocationHelper.java:64)
at org.testng.internal.ConfigInvoker.invokeConfigurationMethod(ConfigInvoker.java:364)
at org.testng.internal.ConfigInvoker.invokeConfigurations(ConfigInvoker.java:318)
at org.testng.internal.TestInvoker.runConfigMethods(TestInvoker.java:700)
at org.testng.internal.TestInvoker.invokeMethod(TestInvoker.java:527)
at org.testng.internal.TestInvoker.invokeTestMethod(TestInvoker.java:174)
at org.testng.internal.MethodRunner.runInSequence(MethodRunner.java:46)
at org.testng.internal.TestInvoker$MethodInvocationAgent.invoke(TestInvoker.java:821)
at org.testng.internal.TestInvoker.invokeTestMethods(TestInvoker.java:147)
at org.testng.internal.TestMethodWorker.invokeTestMethods(TestMethodWorker.java:146)
at org.testng.internal.TestMethodWorker.run(TestMethodWorker.java:128)
at java.util.ArrayList.forEach(ArrayList.java:1257)
at org.testng.TestRunner.privateRun(TestRunner.java:767)
at org.testng.TestRunner.run(TestRunner.java:588)
at org.testng.SuiteRunner.runTest(SuiteRunner.java:384)
at org.testng.SuiteRunner.runSequentially(SuiteRunner.java:378)
at org.testng.SuiteRunner.privateRun(SuiteRunner.java:337)
at org.testng.SuiteRunner.run(SuiteRunner.java:286)
at org.testng.SuiteRunnerWorker.runSuite(SuiteRunnerWorker.java:53)
at org.testng.SuiteRunnerWorker.run(SuiteRunnerWorker.java:96)
at org.testng.TestNG.runSuitesSequentially(TestNG.java:1214)
at org.testng.TestNG.runSuitesLocally(TestNG.java:1136)
at org.testng.TestNG.runSuites(TestNG.java:1066)
at org.testng.TestNG.run(TestNG.java:1034)
at org.testng.remote.AbstractRemoteTestNG.run(AbstractRemoteTestNG.java:115)
at org.testng.remote.RemoteTestNG.initAndRun(RemoteTestNG.java:251)
at org.testng.remote.RemoteTestNG.main(RemoteTestNG.java:77)
]]>
    </error>
  </testcase> <!-- setup -->
  <system-out/>
  <testcase name="hometest" time="0.000" classname="com.pack.test1.HomepageTest">
    <skipped/>
  </testcase> <!-- hometest -->
  <system-out/>
</testsuite> <!-- com.pack.test1.HomepageTest -->
