<!DOCTYPE html PUBLIC "-//W3C//DTD XHTML 1.1//EN" "https://www.w3.org/TR/xhtml11/DTD/xhtml11.dtd">
<html xmlns="https://www.w3.org/1999/xhtml">
<head>
<meta http-equiv="content-type" content="text/html; charset=UTF-8"/>
<title>TestNG Report</title>
<style type="text/css">table {margin-bottom:10px;border-collapse:collapse;empty-cells:show}th,td {border:1px solid #009;padding:.25em .5em}th {vertical-align:bottom}td {vertical-align:top}table a {font-weight:bold}.stripe td {background-color: #E6EBF9}.num {text-align:right}.passedodd td {background-color: #3F3}.passedeven td {background-color: #0A0}.skippedodd td {background-color: #DDD}.skippedeven td {background-color: #CCC}.failedodd td,.attn {background-color: #F33}.failedeven td,.stripe .attn {background-color: #D00}.stacktrace {white-space:pre;font-family:monospace}.totop {font-size:85%;text-align:center;border-bottom:2px solid #000}.invisible {display:none}</style>
</head>
<body>
<table>
<tr><th>Test</th><th># Passed</th><th># Skipped</th><th># Retried</th><th># Failed</th><th>Time (ms)</th><th>Included Groups</th><th>Excluded Groups</th></tr>
<tr><th colspan="8">Suite</th></tr>
<tr><td><a href="#t0">Test</a></td><td class="num">0</td><td class="num attn">3</td><td class="num">0</td><td class="num">0</td><td class="num">7,683</td><td></td><td></td></tr>
</table>
<table id='summary'><thead><tr><th>Class</th><th>Method</th><th>Start</th><th>Time (ms)</th></tr></thead><tbody><tr><th colspan="4">Suite</th></tr></tbody><tbody id="t0"><tr><th colspan="4">Test &#8212; failed (configuration methods)</th></tr><tr class="failedeven"><td rowspan="1">com.pack.test1.HomepageTest</td><td><a href="#m0">setup</a></td><td rowspan="1">1599323755485</td><td rowspan="1">2503</td></tr><tr class="failedodd"><td rowspan="2">com.pack.test1.LoginPageTest</td><td><a href="#m1">setup</a></td><td rowspan="1">1599323751392</td><td rowspan="1">3972</td></tr><tr class="failedodd"><td><a href="#m2">tearDown</a></td><td rowspan="1">1599323763659</td><td rowspan="1">1</td></tr><tr><th colspan="4">Test &#8212; skipped (configuration methods)</th></tr><tr class="skippedeven"><td rowspan="1">com.pack.test1.LoginPageTest</td><td><a href="#m3">setup</a></td><td rowspan="1">1599323755439</td><td rowspan="1">-1599323755439</td></tr><tr><th colspan="4">Test &#8212; skipped</th></tr><tr class="skippedeven"><td rowspan="1">com.pack.test1.HomepageTest</td><td><a href="#m4">hometest</a></td><td rowspan="1">1599323757992</td><td rowspan="1">0</td></tr><tr class="skippedodd"><td rowspan="2">com.pack.test1.LoginPageTest</td><td><a href="#m5">logincheck</a></td><td rowspan="2">1599323755404</td><td rowspan="2">0</td></tr><tr class="skippedodd"><td><a href="#m6">logincheck</a></td></tr></tbody>
</table>
<h2>Test</h2><h3 id="m0">com.pack.test1.HomepageTest#setup</h3><table class="result"><tr><th>Exception</th></tr><tr><td><div class="stacktrace">org.openqa.selenium.SessionNotCreatedException: session not created: This version of ChromeDriver only supports Chrome version 83
Build info: version: &apos;4.0.0-alpha-3&apos;, revision: &apos;8c567de6dc&apos;
System info: host: &apos;Dmazes-MacBook-Pro.local&apos;, ip: &apos;fe80:0:0:0:b9:8429:f15c:33e6%en0&apos;, os.name: &apos;Mac OS X&apos;, os.arch: &apos;x86_64&apos;, os.version: &apos;10.15.6&apos;, java.version: &apos;1.8.0_251&apos;
Driver info: driver.version: ChromeDriver
remote stacktrace: 0   chromedriver                        0x0000000109f96e99 chromedriver + 4808345
1   chromedriver                        0x0000000109f315f3 chromedriver + 4392435
2   chromedriver                        0x0000000109bbd29d chromedriver + 770717
3   chromedriver                        0x0000000109b1a689 chromedriver + 104073
4   chromedriver                        0x0000000109b16940 chromedriver + 88384
5   chromedriver                        0x0000000109b13c99 chromedriver + 76953
6   chromedriver                        0x0000000109b45fa3 chromedriver + 282531
7   chromedriver                        0x0000000109b42da3 chromedriver + 269731
8   chromedriver                        0x0000000109b1c8dd chromedriver + 112861
9   chromedriver                        0x0000000109b1d875 chromedriver + 116853
10  chromedriver                        0x0000000109f5947f chromedriver + 4555903
11  chromedriver                        0x0000000109f6677a chromedriver + 4609914
12  chromedriver                        0x0000000109f66509 chromedriver + 4609289
13  chromedriver                        0x0000000109f3d319 chromedriver + 4440857
14  chromedriver                        0x0000000109f66d03 chromedriver + 4611331
15  chromedriver                        0x0000000109f4f083 chromedriver + 4513923
16  chromedriver                        0x0000000109f7d454 chromedriver + 4703316
17  chromedriver                        0x0000000109f9cf57 chromedriver + 4833111
18  libsystem_pthread.dylib             0x00007fff6c5b8109 _pthread_start + 148
19  libsystem_pthread.dylib             0x00007fff6c5b3b8b thread_start + 15

	at org.openqa.selenium.remote.W3CHandshakeResponse.lambda$errorHandler$0(W3CHandshakeResponse.java:62)
	at org.openqa.selenium.remote.HandshakeResponse.lambda$getResponseFunction$0(HandshakeResponse.java:30)
	at org.openqa.selenium.remote.ProtocolHandshake.lambda$createSession$1(ProtocolHandshake.java:127)
	at java.util.stream.ReferencePipeline$3$1.accept(ReferencePipeline.java:193)
	at java.util.Spliterators$ArraySpliterator.tryAdvance(Spliterators.java:958)
	at java.util.stream.ReferencePipeline.forEachWithCancel(ReferencePipeline.java:126)
	at java.util.stream.AbstractPipeline.copyIntoWithCancel(AbstractPipeline.java:499)
	at java.util.stream.AbstractPipeline.copyInto(AbstractPipeline.java:486)
	at java.util.stream.AbstractPipeline.wrapAndCopyInto(AbstractPipeline.java:472)
	at java.util.stream.FindOps$FindOp.evaluateSequential(FindOps.java:152)
	at java.util.stream.AbstractPipeline.evaluate(AbstractPipeline.java:234)
	at java.util.stream.ReferencePipeline.findFirst(ReferencePipeline.java:464)
	at org.openqa.selenium.remote.ProtocolHandshake.createSession(ProtocolHandshake.java:129)
	at org.openqa.selenium.remote.ProtocolHandshake.createSession(ProtocolHandshake.java:75)
	at org.openqa.selenium.remote.HttpCommandExecutor.execute(HttpCommandExecutor.java:139)
	at org.openqa.selenium.remote.service.DriverCommandExecutor.execute(DriverCommandExecutor.java:83)
	at org.openqa.selenium.remote.RemoteWebDriver.execute(RemoteWebDriver.java:576)
	at org.openqa.selenium.remote.RemoteWebDriver.startSession(RemoteWebDriver.java:210)
	at org.openqa.selenium.remote.RemoteWebDriver.&lt;init&gt;(RemoteWebDriver.java:130)
	at org.openqa.selenium.chromium.ChromiumDriver.&lt;init&gt;(ChromiumDriver.java:75)
	at org.openqa.selenium.chrome.ChromeDriver.&lt;init&gt;(ChromeDriver.java:163)
	at org.openqa.selenium.chrome.ChromeDriver.&lt;init&gt;(ChromeDriver.java:150)
	at org.openqa.selenium.chrome.ChromeDriver.&lt;init&gt;(ChromeDriver.java:105)
	at com.pack.test1.BaseTest.setup(BaseTest.java:38)
	at java.util.ArrayList.forEach(ArrayList.java:1257)
... Removed 35 stack frames</div></td></tr></table><p class="totop"><a href="#summary">back to summary</a></p>
<h3 id="m1">com.pack.test1.LoginPageTest#setup</h3><table class="result"><tr><th>Exception</th></tr><tr><td><div class="stacktrace">org.openqa.selenium.SessionNotCreatedException: session not created: This version of ChromeDriver only supports Chrome version 83
Build info: version: &apos;4.0.0-alpha-3&apos;, revision: &apos;8c567de6dc&apos;
System info: host: &apos;Dmazes-MacBook-Pro.local&apos;, ip: &apos;fe80:0:0:0:b9:8429:f15c:33e6%en0&apos;, os.name: &apos;Mac OS X&apos;, os.arch: &apos;x86_64&apos;, os.version: &apos;10.15.6&apos;, java.version: &apos;1.8.0_251&apos;
Driver info: driver.version: ChromeDriver
remote stacktrace: 0   chromedriver                        0x000000010c39fe99 chromedriver + 4808345
1   chromedriver                        0x000000010c33a5f3 chromedriver + 4392435
2   chromedriver                        0x000000010bfc629d chromedriver + 770717
3   chromedriver                        0x000000010bf23689 chromedriver + 104073
4   chromedriver                        0x000000010bf1f940 chromedriver + 88384
5   chromedriver                        0x000000010bf1cc99 chromedriver + 76953
6   chromedriver                        0x000000010bf4efa3 chromedriver + 282531
7   chromedriver                        0x000000010bf4bda3 chromedriver + 269731
8   chromedriver                        0x000000010bf258dd chromedriver + 112861
9   chromedriver                        0x000000010bf26875 chromedriver + 116853
10  chromedriver                        0x000000010c36247f chromedriver + 4555903
11  chromedriver                        0x000000010c36f77a chromedriver + 4609914
12  chromedriver                        0x000000010c36f509 chromedriver + 4609289
13  chromedriver                        0x000000010c346319 chromedriver + 4440857
14  chromedriver                        0x000000010c36fd03 chromedriver + 4611331
15  chromedriver                        0x000000010c358083 chromedriver + 4513923
16  chromedriver                        0x000000010c386454 chromedriver + 4703316
17  chromedriver                        0x000000010c3a5f57 chromedriver + 4833111
18  libsystem_pthread.dylib             0x00007fff6c5b8109 _pthread_start + 148
19  libsystem_pthread.dylib             0x00007fff6c5b3b8b thread_start + 15

	at org.openqa.selenium.remote.W3CHandshakeResponse.lambda$errorHandler$0(W3CHandshakeResponse.java:62)
	at org.openqa.selenium.remote.HandshakeResponse.lambda$getResponseFunction$0(HandshakeResponse.java:30)
	at org.openqa.selenium.remote.ProtocolHandshake.lambda$createSession$1(ProtocolHandshake.java:127)
	at java.util.stream.ReferencePipeline$3$1.accept(ReferencePipeline.java:193)
	at java.util.Spliterators$ArraySpliterator.tryAdvance(Spliterators.java:958)
	at java.util.stream.ReferencePipeline.forEachWithCancel(ReferencePipeline.java:126)
	at java.util.stream.AbstractPipeline.copyIntoWithCancel(AbstractPipeline.java:499)
	at java.util.stream.AbstractPipeline.copyInto(AbstractPipeline.java:486)
	at java.util.stream.AbstractPipeline.wrapAndCopyInto(AbstractPipeline.java:472)
	at java.util.stream.FindOps$FindOp.evaluateSequential(FindOps.java:152)
	at java.util.stream.AbstractPipeline.evaluate(AbstractPipeline.java:234)
	at java.util.stream.ReferencePipeline.findFirst(ReferencePipeline.java:464)
	at org.openqa.selenium.remote.ProtocolHandshake.createSession(ProtocolHandshake.java:129)
	at org.openqa.selenium.remote.ProtocolHandshake.createSession(ProtocolHandshake.java:75)
	at org.openqa.selenium.remote.HttpCommandExecutor.execute(HttpCommandExecutor.java:139)
	at org.openqa.selenium.remote.service.DriverCommandExecutor.execute(DriverCommandExecutor.java:83)
	at org.openqa.selenium.remote.RemoteWebDriver.execute(RemoteWebDriver.java:576)
	at org.openqa.selenium.remote.RemoteWebDriver.startSession(RemoteWebDriver.java:210)
	at org.openqa.selenium.remote.RemoteWebDriver.&lt;init&gt;(RemoteWebDriver.java:130)
	at org.openqa.selenium.chromium.ChromiumDriver.&lt;init&gt;(ChromiumDriver.java:75)
	at org.openqa.selenium.chrome.ChromeDriver.&lt;init&gt;(ChromeDriver.java:163)
	at org.openqa.selenium.chrome.ChromeDriver.&lt;init&gt;(ChromeDriver.java:150)
	at org.openqa.selenium.chrome.ChromeDriver.&lt;init&gt;(ChromeDriver.java:105)
	at com.pack.test1.BaseTest.setup(BaseTest.java:38)
	at java.util.ArrayList.forEach(ArrayList.java:1257)
... Removed 35 stack frames</div></td></tr></table><p class="totop"><a href="#summary">back to summary</a></p>
<h3 id="m2">com.pack.test1.LoginPageTest#tearDown</h3><table class="result"><tr><th>Exception</th></tr><tr><td><div class="stacktrace">java.lang.NullPointerException
	at com.pack.test1.BaseTest.tearDown(BaseTest.java:56)
... Removed 19 stack frames</div></td></tr></table><p class="totop"><a href="#summary">back to summary</a></p>
<h3 id="m3">com.pack.test1.LoginPageTest#setup</h3><table class="result"><tr><th class="invisible"/></tr></table><p class="totop"><a href="#summary">back to summary</a></p>
<h3 id="m4">com.pack.test1.HomepageTest#hometest</h3><table class="result"><tr><th>Exception</th></tr><tr><td><div class="stacktrace">org.openqa.selenium.SessionNotCreatedException: session not created: This version of ChromeDriver only supports Chrome version 83
Build info: version: &apos;4.0.0-alpha-3&apos;, revision: &apos;8c567de6dc&apos;
System info: host: &apos;Dmazes-MacBook-Pro.local&apos;, ip: &apos;fe80:0:0:0:b9:8429:f15c:33e6%en0&apos;, os.name: &apos;Mac OS X&apos;, os.arch: &apos;x86_64&apos;, os.version: &apos;10.15.6&apos;, java.version: &apos;1.8.0_251&apos;
Driver info: driver.version: ChromeDriver
remote stacktrace: 0   chromedriver                        0x0000000109f96e99 chromedriver + 4808345
1   chromedriver                        0x0000000109f315f3 chromedriver + 4392435
2   chromedriver                        0x0000000109bbd29d chromedriver + 770717
3   chromedriver                        0x0000000109b1a689 chromedriver + 104073
4   chromedriver                        0x0000000109b16940 chromedriver + 88384
5   chromedriver                        0x0000000109b13c99 chromedriver + 76953
6   chromedriver                        0x0000000109b45fa3 chromedriver + 282531
7   chromedriver                        0x0000000109b42da3 chromedriver + 269731
8   chromedriver                        0x0000000109b1c8dd chromedriver + 112861
9   chromedriver                        0x0000000109b1d875 chromedriver + 116853
10  chromedriver                        0x0000000109f5947f chromedriver + 4555903
11  chromedriver                        0x0000000109f6677a chromedriver + 4609914
12  chromedriver                        0x0000000109f66509 chromedriver + 4609289
13  chromedriver                        0x0000000109f3d319 chromedriver + 4440857
14  chromedriver                        0x0000000109f66d03 chromedriver + 4611331
15  chromedriver                        0x0000000109f4f083 chromedriver + 4513923
16  chromedriver                        0x0000000109f7d454 chromedriver + 4703316
17  chromedriver                        0x0000000109f9cf57 chromedriver + 4833111
18  libsystem_pthread.dylib             0x00007fff6c5b8109 _pthread_start + 148
19  libsystem_pthread.dylib             0x00007fff6c5b3b8b thread_start + 15

	at org.openqa.selenium.remote.W3CHandshakeResponse.lambda$errorHandler$0(W3CHandshakeResponse.java:62)
	at org.openqa.selenium.remote.HandshakeResponse.lambda$getResponseFunction$0(HandshakeResponse.java:30)
	at org.openqa.selenium.remote.ProtocolHandshake.lambda$createSession$1(ProtocolHandshake.java:127)
	at java.util.stream.ReferencePipeline$3$1.accept(ReferencePipeline.java:193)
	at java.util.Spliterators$ArraySpliterator.tryAdvance(Spliterators.java:958)
	at java.util.stream.ReferencePipeline.forEachWithCancel(ReferencePipeline.java:126)
	at java.util.stream.AbstractPipeline.copyIntoWithCancel(AbstractPipeline.java:499)
	at java.util.stream.AbstractPipeline.copyInto(AbstractPipeline.java:486)
	at java.util.stream.AbstractPipeline.wrapAndCopyInto(AbstractPipeline.java:472)
	at java.util.stream.FindOps$FindOp.evaluateSequential(FindOps.java:152)
	at java.util.stream.AbstractPipeline.evaluate(AbstractPipeline.java:234)
	at java.util.stream.ReferencePipeline.findFirst(ReferencePipeline.java:464)
	at org.openqa.selenium.remote.ProtocolHandshake.createSession(ProtocolHandshake.java:129)
	at org.openqa.selenium.remote.ProtocolHandshake.createSession(ProtocolHandshake.java:75)
	at org.openqa.selenium.remote.HttpCommandExecutor.execute(HttpCommandExecutor.java:139)
	at org.openqa.selenium.remote.service.DriverCommandExecutor.execute(DriverCommandExecutor.java:83)
	at org.openqa.selenium.remote.RemoteWebDriver.execute(RemoteWebDriver.java:576)
	at org.openqa.selenium.remote.RemoteWebDriver.startSession(RemoteWebDriver.java:210)
	at org.openqa.selenium.remote.RemoteWebDriver.&lt;init&gt;(RemoteWebDriver.java:130)
	at org.openqa.selenium.chromium.ChromiumDriver.&lt;init&gt;(ChromiumDriver.java:75)
	at org.openqa.selenium.chrome.ChromeDriver.&lt;init&gt;(ChromeDriver.java:163)
	at org.openqa.selenium.chrome.ChromeDriver.&lt;init&gt;(ChromeDriver.java:150)
	at org.openqa.selenium.chrome.ChromeDriver.&lt;init&gt;(ChromeDriver.java:105)
	at com.pack.test1.BaseTest.setup(BaseTest.java:38)
	at java.util.ArrayList.forEach(ArrayList.java:1257)
... Removed 35 stack frames</div></td></tr></table><p class="totop"><a href="#summary">back to summary</a></p>
<h3 id="m5">com.pack.test1.LoginPageTest#logincheck</h3><table class="result"><tr><th>Exception</th></tr><tr><td><div class="stacktrace">org.openqa.selenium.SessionNotCreatedException: session not created: This version of ChromeDriver only supports Chrome version 83
Build info: version: &apos;4.0.0-alpha-3&apos;, revision: &apos;8c567de6dc&apos;
System info: host: &apos;Dmazes-MacBook-Pro.local&apos;, ip: &apos;fe80:0:0:0:b9:8429:f15c:33e6%en0&apos;, os.name: &apos;Mac OS X&apos;, os.arch: &apos;x86_64&apos;, os.version: &apos;10.15.6&apos;, java.version: &apos;1.8.0_251&apos;
Driver info: driver.version: ChromeDriver
remote stacktrace: 0   chromedriver                        0x000000010c39fe99 chromedriver + 4808345
1   chromedriver                        0x000000010c33a5f3 chromedriver + 4392435
2   chromedriver                        0x000000010bfc629d chromedriver + 770717
3   chromedriver                        0x000000010bf23689 chromedriver + 104073
4   chromedriver                        0x000000010bf1f940 chromedriver + 88384
5   chromedriver                        0x000000010bf1cc99 chromedriver + 76953
6   chromedriver                        0x000000010bf4efa3 chromedriver + 282531
7   chromedriver                        0x000000010bf4bda3 chromedriver + 269731
8   chromedriver                        0x000000010bf258dd chromedriver + 112861
9   chromedriver                        0x000000010bf26875 chromedriver + 116853
10  chromedriver                        0x000000010c36247f chromedriver + 4555903
11  chromedriver                        0x000000010c36f77a chromedriver + 4609914
12  chromedriver                        0x000000010c36f509 chromedriver + 4609289
13  chromedriver                        0x000000010c346319 chromedriver + 4440857
14  chromedriver                        0x000000010c36fd03 chromedriver + 4611331
15  chromedriver                        0x000000010c358083 chromedriver + 4513923
16  chromedriver                        0x000000010c386454 chromedriver + 4703316
17  chromedriver                        0x000000010c3a5f57 chromedriver + 4833111
18  libsystem_pthread.dylib             0x00007fff6c5b8109 _pthread_start + 148
19  libsystem_pthread.dylib             0x00007fff6c5b3b8b thread_start + 15

	at org.openqa.selenium.remote.W3CHandshakeResponse.lambda$errorHandler$0(W3CHandshakeResponse.java:62)
	at org.openqa.selenium.remote.HandshakeResponse.lambda$getResponseFunction$0(HandshakeResponse.java:30)
	at org.openqa.selenium.remote.ProtocolHandshake.lambda$createSession$1(ProtocolHandshake.java:127)
	at java.util.stream.ReferencePipeline$3$1.accept(ReferencePipeline.java:193)
	at java.util.Spliterators$ArraySpliterator.tryAdvance(Spliterators.java:958)
	at java.util.stream.ReferencePipeline.forEachWithCancel(ReferencePipeline.java:126)
	at java.util.stream.AbstractPipeline.copyIntoWithCancel(AbstractPipeline.java:499)
	at java.util.stream.AbstractPipeline.copyInto(AbstractPipeline.java:486)
	at java.util.stream.AbstractPipeline.wrapAndCopyInto(AbstractPipeline.java:472)
	at java.util.stream.FindOps$FindOp.evaluateSequential(FindOps.java:152)
	at java.util.stream.AbstractPipeline.evaluate(AbstractPipeline.java:234)
	at java.util.stream.ReferencePipeline.findFirst(ReferencePipeline.java:464)
	at org.openqa.selenium.remote.ProtocolHandshake.createSession(ProtocolHandshake.java:129)
	at org.openqa.selenium.remote.ProtocolHandshake.createSession(ProtocolHandshake.java:75)
	at org.openqa.selenium.remote.HttpCommandExecutor.execute(HttpCommandExecutor.java:139)
	at org.openqa.selenium.remote.service.DriverCommandExecutor.execute(DriverCommandExecutor.java:83)
	at org.openqa.selenium.remote.RemoteWebDriver.execute(RemoteWebDriver.java:576)
	at org.openqa.selenium.remote.RemoteWebDriver.startSession(RemoteWebDriver.java:210)
	at org.openqa.selenium.remote.RemoteWebDriver.&lt;init&gt;(RemoteWebDriver.java:130)
	at org.openqa.selenium.chromium.ChromiumDriver.&lt;init&gt;(ChromiumDriver.java:75)
	at org.openqa.selenium.chrome.ChromeDriver.&lt;init&gt;(ChromeDriver.java:163)
	at org.openqa.selenium.chrome.ChromeDriver.&lt;init&gt;(ChromeDriver.java:150)
	at org.openqa.selenium.chrome.ChromeDriver.&lt;init&gt;(ChromeDriver.java:105)
	at com.pack.test1.BaseTest.setup(BaseTest.java:38)
	at java.util.ArrayList.forEach(ArrayList.java:1257)
... Removed 35 stack frames</div></td></tr></table><p class="totop"><a href="#summary">back to summary</a></p>
<h3 id="m6">com.pack.test1.LoginPageTest#logincheck</h3><table class="result"><tr><th>Exception</th></tr><tr><td><div class="stacktrace">org.openqa.selenium.SessionNotCreatedException: session not created: This version of ChromeDriver only supports Chrome version 83
Build info: version: &apos;4.0.0-alpha-3&apos;, revision: &apos;8c567de6dc&apos;
System info: host: &apos;Dmazes-MacBook-Pro.local&apos;, ip: &apos;fe80:0:0:0:b9:8429:f15c:33e6%en0&apos;, os.name: &apos;Mac OS X&apos;, os.arch: &apos;x86_64&apos;, os.version: &apos;10.15.6&apos;, java.version: &apos;1.8.0_251&apos;
Driver info: driver.version: ChromeDriver
remote stacktrace: 0   chromedriver                        0x000000010c39fe99 chromedriver + 4808345
1   chromedriver                        0x000000010c33a5f3 chromedriver + 4392435
2   chromedriver                        0x000000010bfc629d chromedriver + 770717
3   chromedriver                        0x000000010bf23689 chromedriver + 104073
4   chromedriver                        0x000000010bf1f940 chromedriver + 88384
5   chromedriver                        0x000000010bf1cc99 chromedriver + 76953
6   chromedriver                        0x000000010bf4efa3 chromedriver + 282531
7   chromedriver                        0x000000010bf4bda3 chromedriver + 269731
8   chromedriver                        0x000000010bf258dd chromedriver + 112861
9   chromedriver                        0x000000010bf26875 chromedriver + 116853
10  chromedriver                        0x000000010c36247f chromedriver + 4555903
11  chromedriver                        0x000000010c36f77a chromedriver + 4609914
12  chromedriver                        0x000000010c36f509 chromedriver + 4609289
13  chromedriver                        0x000000010c346319 chromedriver + 4440857
14  chromedriver                        0x000000010c36fd03 chromedriver + 4611331
15  chromedriver                        0x000000010c358083 chromedriver + 4513923
16  chromedriver                        0x000000010c386454 chromedriver + 4703316
17  chromedriver                        0x000000010c3a5f57 chromedriver + 4833111
18  libsystem_pthread.dylib             0x00007fff6c5b8109 _pthread_start + 148
19  libsystem_pthread.dylib             0x00007fff6c5b3b8b thread_start + 15

	at org.openqa.selenium.remote.W3CHandshakeResponse.lambda$errorHandler$0(W3CHandshakeResponse.java:62)
	at org.openqa.selenium.remote.HandshakeResponse.lambda$getResponseFunction$0(HandshakeResponse.java:30)
	at org.openqa.selenium.remote.ProtocolHandshake.lambda$createSession$1(ProtocolHandshake.java:127)
	at java.util.stream.ReferencePipeline$3$1.accept(ReferencePipeline.java:193)
	at java.util.Spliterators$ArraySpliterator.tryAdvance(Spliterators.java:958)
	at java.util.stream.ReferencePipeline.forEachWithCancel(ReferencePipeline.java:126)
	at java.util.stream.AbstractPipeline.copyIntoWithCancel(AbstractPipeline.java:499)
	at java.util.stream.AbstractPipeline.copyInto(AbstractPipeline.java:486)
	at java.util.stream.AbstractPipeline.wrapAndCopyInto(AbstractPipeline.java:472)
	at java.util.stream.FindOps$FindOp.evaluateSequential(FindOps.java:152)
	at java.util.stream.AbstractPipeline.evaluate(AbstractPipeline.java:234)
	at java.util.stream.ReferencePipeline.findFirst(ReferencePipeline.java:464)
	at org.openqa.selenium.remote.ProtocolHandshake.createSession(ProtocolHandshake.java:129)
	at org.openqa.selenium.remote.ProtocolHandshake.createSession(ProtocolHandshake.java:75)
	at org.openqa.selenium.remote.HttpCommandExecutor.execute(HttpCommandExecutor.java:139)
	at org.openqa.selenium.remote.service.DriverCommandExecutor.execute(DriverCommandExecutor.java:83)
	at org.openqa.selenium.remote.RemoteWebDriver.execute(RemoteWebDriver.java:576)
	at org.openqa.selenium.remote.RemoteWebDriver.startSession(RemoteWebDriver.java:210)
	at org.openqa.selenium.remote.RemoteWebDriver.&lt;init&gt;(RemoteWebDriver.java:130)
	at org.openqa.selenium.chromium.ChromiumDriver.&lt;init&gt;(ChromiumDriver.java:75)
	at org.openqa.selenium.chrome.ChromeDriver.&lt;init&gt;(ChromeDriver.java:163)
	at org.openqa.selenium.chrome.ChromeDriver.&lt;init&gt;(ChromeDriver.java:150)
	at org.openqa.selenium.chrome.ChromeDriver.&lt;init&gt;(ChromeDriver.java:105)
	at com.pack.test1.BaseTest.setup(BaseTest.java:38)
	at java.util.ArrayList.forEach(ArrayList.java:1257)
... Removed 35 stack frames</div></td></tr></table><p class="totop"><a href="#summary">back to summary</a></p>
</body>
</html>
