<?xml version="1.0" encoding="UTF-8"?>
<testng-results skipped="3" failed="0" ignored="1" total="4" passed="0">
  <reporter-output>
  </reporter-output>
  <suite name="Suite" duration-ms="7683" started-at="2020-09-05T12:35:50 EDT" finished-at="2020-09-05T12:35:58 EDT">
    <groups>
    </groups>
    <test name="Test" duration-ms="7683" started-at="2020-09-05T12:35:50 EDT" finished-at="2020-09-05T12:35:58 EDT">
      <class name="com.pack.test1.HomepageTest">
        <test-method status="FAIL" signature="setup()[pri:0, instance:com.pack.test1.HomepageTest@5f71c76a]" name="setup" is-config="true" duration-ms="2503" started-at="2020-09-05T12:35:55 EDT" finished-at="2020-09-05T12:35:57 EDT">
          <exception class="org.openqa.selenium.SessionNotCreatedException">
            <message>
              <![CDATA[session not created: This version of ChromeDriver only supports Chrome version 83
Build info: version: '4.0.0-alpha-3', revision: '8c567de6dc'
System info: host: 'Dmazes-MacBook-Pro.local', ip: 'fe80:0:0:0:b9:8429:f15c:33e6%en0', os.name: 'Mac OS X', os.arch: 'x86_64', os.version: '10.15.6', java.version: '1.8.0_251'
Driver info: driver.version: ChromeDriver
remote stacktrace: 0   chromedriver                        0x0000000109f96e99 chromedriver + 4808345
1   chromedriver                        0x0000000109f315f3 chromedriver + 4392435
2   chromedriver                        0x0000000109bbd29d chromedriver + 770717
3   chromedriver                        0x0000000109b1a689 chromedriver + 104073
4   chromedriver                        0x0000000109b16940 chromedriver + 88384
5   chromedriver                        0x0000000109b13c99 chromedriver + 76953
6   chromedriver                        0x0000000109b45fa3 chromedriver + 282531
7   chromedriver                        0x0000000109b42da3 chromedriver + 269731
8   chromedriver                        0x0000000109b1c8dd chromedriver + 112861
9   chromedriver                        0x0000000109b1d875 chromedriver + 116853
10  chromedriver                        0x0000000109f5947f chromedriver + 4555903
11  chromedriver                        0x0000000109f6677a chromedriver + 4609914
12  chromedriver                        0x0000000109f66509 chromedriver + 4609289
13  chromedriver                        0x0000000109f3d319 chromedriver + 4440857
14  chromedriver                        0x0000000109f66d03 chromedriver + 4611331
15  chromedriver                        0x0000000109f4f083 chromedriver + 4513923
16  chromedriver                        0x0000000109f7d454 chromedriver + 4703316
17  chromedriver                        0x0000000109f9cf57 chromedriver + 4833111
18  libsystem_pthread.dylib             0x00007fff6c5b8109 _pthread_start + 148
19  libsystem_pthread.dylib             0x00007fff6c5b3b8b thread_start + 15
]]>
            </message>
            <full-stacktrace>
              <![CDATA[org.openqa.selenium.SessionNotCreatedException: session not created: This version of ChromeDriver only supports Chrome version 83
Build info: version: '4.0.0-alpha-3', revision: '8c567de6dc'
System info: host: 'Dmazes-MacBook-Pro.local', ip: 'fe80:0:0:0:b9:8429:f15c:33e6%en0', os.name: 'Mac OS X', os.arch: 'x86_64', os.version: '10.15.6', java.version: '1.8.0_251'
Driver info: driver.version: ChromeDriver
remote stacktrace: 0   chromedriver                        0x0000000109f96e99 chromedriver + 4808345
1   chromedriver                        0x0000000109f315f3 chromedriver + 4392435
2   chromedriver                        0x0000000109bbd29d chromedriver + 770717
3   chromedriver                        0x0000000109b1a689 chromedriver + 104073
4   chromedriver                        0x0000000109b16940 chromedriver + 88384
5   chromedriver                        0x0000000109b13c99 chromedriver + 76953
6   chromedriver                        0x0000000109b45fa3 chromedriver + 282531
7   chromedriver                        0x0000000109b42da3 chromedriver + 269731
8   chromedriver                        0x0000000109b1c8dd chromedriver + 112861
9   chromedriver                        0x0000000109b1d875 chromedriver + 116853
10  chromedriver                        0x0000000109f5947f chromedriver + 4555903
11  chromedriver                        0x0000000109f6677a chromedriver + 4609914
12  chromedriver                        0x0000000109f66509 chromedriver + 4609289
13  chromedriver                        0x0000000109f3d319 chromedriver + 4440857
14  chromedriver                        0x0000000109f66d03 chromedriver + 4611331
15  chromedriver                        0x0000000109f4f083 chromedriver + 4513923
16  chromedriver                        0x0000000109f7d454 chromedriver + 4703316
17  chromedriver                        0x0000000109f9cf57 chromedriver + 4833111
18  libsystem_pthread.dylib             0x00007fff6c5b8109 _pthread_start + 148
19  libsystem_pthread.dylib             0x00007fff6c5b3b8b thread_start + 15

at sun.reflect.NativeConstructorAccessorImpl.newInstance0(Native Method)
at sun.reflect.NativeConstructorAccessorImpl.newInstance(NativeConstructorAccessorImpl.java:62)
at sun.reflect.DelegatingConstructorAccessorImpl.newInstance(DelegatingConstructorAccessorImpl.java:45)
at java.lang.reflect.Constructor.newInstance(Constructor.java:423)
at org.openqa.selenium.remote.W3CHandshakeResponse.lambda$errorHandler$0(W3CHandshakeResponse.java:62)
at org.openqa.selenium.remote.HandshakeResponse.lambda$getResponseFunction$0(HandshakeResponse.java:30)
at org.openqa.selenium.remote.ProtocolHandshake.lambda$createSession$1(ProtocolHandshake.java:127)
at java.util.stream.ReferencePipeline$3$1.accept(ReferencePipeline.java:193)
at java.util.Spliterators$ArraySpliterator.tryAdvance(Spliterators.java:958)
at java.util.stream.ReferencePipeline.forEachWithCancel(ReferencePipeline.java:126)
at java.util.stream.AbstractPipeline.copyIntoWithCancel(AbstractPipeline.java:499)
at java.util.stream.AbstractPipeline.copyInto(AbstractPipeline.java:486)
at java.util.stream.AbstractPipeline.wrapAndCopyInto(AbstractPipeline.java:472)
at java.util.stream.FindOps$FindOp.evaluateSequential(FindOps.java:152)
at java.util.stream.AbstractPipeline.evaluate(AbstractPipeline.java:234)
at java.util.stream.ReferencePipeline.findFirst(ReferencePipeline.java:464)
at org.openqa.selenium.remote.ProtocolHandshake.createSession(ProtocolHandshake.java:129)
at org.openqa.selenium.remote.ProtocolHandshake.createSession(ProtocolHandshake.java:75)
at org.openqa.selenium.remote.HttpCommandExecutor.execute(HttpCommandExecutor.java:139)
at org.openqa.selenium.remote.service.DriverCommandExecutor.execute(DriverCommandExecutor.java:83)
at org.openqa.selenium.remote.RemoteWebDriver.execute(RemoteWebDriver.java:576)
at org.openqa.selenium.remote.RemoteWebDriver.startSession(RemoteWebDriver.java:210)
at org.openqa.selenium.remote.RemoteWebDriver.<init>(RemoteWebDriver.java:130)
at org.openqa.selenium.chromium.ChromiumDriver.<init>(ChromiumDriver.java:75)
at org.openqa.selenium.chrome.ChromeDriver.<init>(ChromeDriver.java:163)
at org.openqa.selenium.chrome.ChromeDriver.<init>(ChromeDriver.java:150)
at org.openqa.selenium.chrome.ChromeDriver.<init>(ChromeDriver.java:105)
at com.pack.test1.BaseTest.setup(BaseTest.java:38)
at sun.reflect.NativeMethodAccessorImpl.invoke0(Native Method)
at sun.reflect.NativeMethodAccessorImpl.invoke(NativeMethodAccessorImpl.java:62)
at sun.reflect.DelegatingMethodAccessorImpl.invoke(DelegatingMethodAccessorImpl.java:43)
at java.lang.reflect.Method.invoke(Method.java:498)
at org.testng.internal.MethodInvocationHelper.invokeMethod(MethodInvocationHelper.java:135)
at org.testng.internal.MethodInvocationHelper.invokeMethodConsideringTimeout(MethodInvocationHelper.java:64)
at org.testng.internal.ConfigInvoker.invokeConfigurationMethod(ConfigInvoker.java:364)
at org.testng.internal.ConfigInvoker.invokeConfigurations(ConfigInvoker.java:318)
at org.testng.internal.TestInvoker.runConfigMethods(TestInvoker.java:700)
at org.testng.internal.TestInvoker.invokeMethod(TestInvoker.java:527)
at org.testng.internal.TestInvoker.invokeTestMethod(TestInvoker.java:174)
at org.testng.internal.MethodRunner.runInSequence(MethodRunner.java:46)
at org.testng.internal.TestInvoker$MethodInvocationAgent.invoke(TestInvoker.java:821)
at org.testng.internal.TestInvoker.invokeTestMethods(TestInvoker.java:147)
at org.testng.internal.TestMethodWorker.invokeTestMethods(TestMethodWorker.java:146)
at org.testng.internal.TestMethodWorker.run(TestMethodWorker.java:128)
at java.util.ArrayList.forEach(ArrayList.java:1257)
at org.testng.TestRunner.privateRun(TestRunner.java:767)
at org.testng.TestRunner.run(TestRunner.java:588)
at org.testng.SuiteRunner.runTest(SuiteRunner.java:384)
at org.testng.SuiteRunner.runSequentially(SuiteRunner.java:378)
at org.testng.SuiteRunner.privateRun(SuiteRunner.java:337)
at org.testng.SuiteRunner.run(SuiteRunner.java:286)
at org.testng.SuiteRunnerWorker.runSuite(SuiteRunnerWorker.java:53)
at org.testng.SuiteRunnerWorker.run(SuiteRunnerWorker.java:96)
at org.testng.TestNG.runSuitesSequentially(TestNG.java:1214)
at org.testng.TestNG.runSuitesLocally(TestNG.java:1136)
at org.testng.TestNG.runSuites(TestNG.java:1066)
at org.testng.TestNG.run(TestNG.java:1034)
at org.testng.remote.AbstractRemoteTestNG.run(AbstractRemoteTestNG.java:115)
at org.testng.remote.RemoteTestNG.initAndRun(RemoteTestNG.java:251)
at org.testng.remote.RemoteTestNG.main(RemoteTestNG.java:77)
]]>
            </full-stacktrace>
          </exception> <!-- org.openqa.selenium.SessionNotCreatedException -->
          <reporter-output>
          </reporter-output>
        </test-method> <!-- setup -->
        <test-method status="SKIP" signature="hometest()[pri:0, instance:com.pack.test1.HomepageTest@5f71c76a]" name="hometest" duration-ms="0" started-at="2020-09-05T12:35:57 EDT" finished-at="2020-09-05T12:35:57 EDT">
          <exception class="org.openqa.selenium.SessionNotCreatedException">
            <message>
              <![CDATA[session not created: This version of ChromeDriver only supports Chrome version 83
Build info: version: '4.0.0-alpha-3', revision: '8c567de6dc'
System info: host: 'Dmazes-MacBook-Pro.local', ip: 'fe80:0:0:0:b9:8429:f15c:33e6%en0', os.name: 'Mac OS X', os.arch: 'x86_64', os.version: '10.15.6', java.version: '1.8.0_251'
Driver info: driver.version: ChromeDriver
remote stacktrace: 0   chromedriver                        0x0000000109f96e99 chromedriver + 4808345
1   chromedriver                        0x0000000109f315f3 chromedriver + 4392435
2   chromedriver                        0x0000000109bbd29d chromedriver + 770717
3   chromedriver                        0x0000000109b1a689 chromedriver + 104073
4   chromedriver                        0x0000000109b16940 chromedriver + 88384
5   chromedriver                        0x0000000109b13c99 chromedriver + 76953
6   chromedriver                        0x0000000109b45fa3 chromedriver + 282531
7   chromedriver                        0x0000000109b42da3 chromedriver + 269731
8   chromedriver                        0x0000000109b1c8dd chromedriver + 112861
9   chromedriver                        0x0000000109b1d875 chromedriver + 116853
10  chromedriver                        0x0000000109f5947f chromedriver + 4555903
11  chromedriver                        0x0000000109f6677a chromedriver + 4609914
12  chromedriver                        0x0000000109f66509 chromedriver + 4609289
13  chromedriver                        0x0000000109f3d319 chromedriver + 4440857
14  chromedriver                        0x0000000109f66d03 chromedriver + 4611331
15  chromedriver                        0x0000000109f4f083 chromedriver + 4513923
16  chromedriver                        0x0000000109f7d454 chromedriver + 4703316
17  chromedriver                        0x0000000109f9cf57 chromedriver + 4833111
18  libsystem_pthread.dylib             0x00007fff6c5b8109 _pthread_start + 148
19  libsystem_pthread.dylib             0x00007fff6c5b3b8b thread_start + 15
]]>
            </message>
            <full-stacktrace>
              <![CDATA[org.openqa.selenium.SessionNotCreatedException: session not created: This version of ChromeDriver only supports Chrome version 83
Build info: version: '4.0.0-alpha-3', revision: '8c567de6dc'
System info: host: 'Dmazes-MacBook-Pro.local', ip: 'fe80:0:0:0:b9:8429:f15c:33e6%en0', os.name: 'Mac OS X', os.arch: 'x86_64', os.version: '10.15.6', java.version: '1.8.0_251'
Driver info: driver.version: ChromeDriver
remote stacktrace: 0   chromedriver                        0x0000000109f96e99 chromedriver + 4808345
1   chromedriver                        0x0000000109f315f3 chromedriver + 4392435
2   chromedriver                        0x0000000109bbd29d chromedriver + 770717
3   chromedriver                        0x0000000109b1a689 chromedriver + 104073
4   chromedriver                        0x0000000109b16940 chromedriver + 88384
5   chromedriver                        0x0000000109b13c99 chromedriver + 76953
6   chromedriver                        0x0000000109b45fa3 chromedriver + 282531
7   chromedriver                        0x0000000109b42da3 chromedriver + 269731
8   chromedriver                        0x0000000109b1c8dd chromedriver + 112861
9   chromedriver                        0x0000000109b1d875 chromedriver + 116853
10  chromedriver                        0x0000000109f5947f chromedriver + 4555903
11  chromedriver                        0x0000000109f6677a chromedriver + 4609914
12  chromedriver                        0x0000000109f66509 chromedriver + 4609289
13  chromedriver                        0x0000000109f3d319 chromedriver + 4440857
14  chromedriver                        0x0000000109f66d03 chromedriver + 4611331
15  chromedriver                        0x0000000109f4f083 chromedriver + 4513923
16  chromedriver                        0x0000000109f7d454 chromedriver + 4703316
17  chromedriver                        0x0000000109f9cf57 chromedriver + 4833111
18  libsystem_pthread.dylib             0x00007fff6c5b8109 _pthread_start + 148
19  libsystem_pthread.dylib             0x00007fff6c5b3b8b thread_start + 15

at sun.reflect.NativeConstructorAccessorImpl.newInstance0(Native Method)
at sun.reflect.NativeConstructorAccessorImpl.newInstance(NativeConstructorAccessorImpl.java:62)
at sun.reflect.DelegatingConstructorAccessorImpl.newInstance(DelegatingConstructorAccessorImpl.java:45)
at java.lang.reflect.Constructor.newInstance(Constructor.java:423)
at org.openqa.selenium.remote.W3CHandshakeResponse.lambda$errorHandler$0(W3CHandshakeResponse.java:62)
at org.openqa.selenium.remote.HandshakeResponse.lambda$getResponseFunction$0(HandshakeResponse.java:30)
at org.openqa.selenium.remote.ProtocolHandshake.lambda$createSession$1(ProtocolHandshake.java:127)
at java.util.stream.ReferencePipeline$3$1.accept(ReferencePipeline.java:193)
at java.util.Spliterators$ArraySpliterator.tryAdvance(Spliterators.java:958)
at java.util.stream.ReferencePipeline.forEachWithCancel(ReferencePipeline.java:126)
at java.util.stream.AbstractPipeline.copyIntoWithCancel(AbstractPipeline.java:499)
at java.util.stream.AbstractPipeline.copyInto(AbstractPipeline.java:486)
at java.util.stream.AbstractPipeline.wrapAndCopyInto(AbstractPipeline.java:472)
at java.util.stream.FindOps$FindOp.evaluateSequential(FindOps.java:152)
at java.util.stream.AbstractPipeline.evaluate(AbstractPipeline.java:234)
at java.util.stream.ReferencePipeline.findFirst(ReferencePipeline.java:464)
at org.openqa.selenium.remote.ProtocolHandshake.createSession(ProtocolHandshake.java:129)
at org.openqa.selenium.remote.ProtocolHandshake.createSession(ProtocolHandshake.java:75)
at org.openqa.selenium.remote.HttpCommandExecutor.execute(HttpCommandExecutor.java:139)
at org.openqa.selenium.remote.service.DriverCommandExecutor.execute(DriverCommandExecutor.java:83)
at org.openqa.selenium.remote.RemoteWebDriver.execute(RemoteWebDriver.java:576)
at org.openqa.selenium.remote.RemoteWebDriver.startSession(RemoteWebDriver.java:210)
at org.openqa.selenium.remote.RemoteWebDriver.<init>(RemoteWebDriver.java:130)
at org.openqa.selenium.chromium.ChromiumDriver.<init>(ChromiumDriver.java:75)
at org.openqa.selenium.chrome.ChromeDriver.<init>(ChromeDriver.java:163)
at org.openqa.selenium.chrome.ChromeDriver.<init>(ChromeDriver.java:150)
at org.openqa.selenium.chrome.ChromeDriver.<init>(ChromeDriver.java:105)
at com.pack.test1.BaseTest.setup(BaseTest.java:38)
at sun.reflect.NativeMethodAccessorImpl.invoke0(Native Method)
at sun.reflect.NativeMethodAccessorImpl.invoke(NativeMethodAccessorImpl.java:62)
at sun.reflect.DelegatingMethodAccessorImpl.invoke(DelegatingMethodAccessorImpl.java:43)
at java.lang.reflect.Method.invoke(Method.java:498)
at org.testng.internal.MethodInvocationHelper.invokeMethod(MethodInvocationHelper.java:135)
at org.testng.internal.MethodInvocationHelper.invokeMethodConsideringTimeout(MethodInvocationHelper.java:64)
at org.testng.internal.ConfigInvoker.invokeConfigurationMethod(ConfigInvoker.java:364)
at org.testng.internal.ConfigInvoker.invokeConfigurations(ConfigInvoker.java:318)
at org.testng.internal.TestInvoker.runConfigMethods(TestInvoker.java:700)
at org.testng.internal.TestInvoker.invokeMethod(TestInvoker.java:527)
at org.testng.internal.TestInvoker.invokeTestMethod(TestInvoker.java:174)
at org.testng.internal.MethodRunner.runInSequence(MethodRunner.java:46)
at org.testng.internal.TestInvoker$MethodInvocationAgent.invoke(TestInvoker.java:821)
at org.testng.internal.TestInvoker.invokeTestMethods(TestInvoker.java:147)
at org.testng.internal.TestMethodWorker.invokeTestMethods(TestMethodWorker.java:146)
at org.testng.internal.TestMethodWorker.run(TestMethodWorker.java:128)
at java.util.ArrayList.forEach(ArrayList.java:1257)
at org.testng.TestRunner.privateRun(TestRunner.java:767)
at org.testng.TestRunner.run(TestRunner.java:588)
at org.testng.SuiteRunner.runTest(SuiteRunner.java:384)
at org.testng.SuiteRunner.runSequentially(SuiteRunner.java:378)
at org.testng.SuiteRunner.privateRun(SuiteRunner.java:337)
at org.testng.SuiteRunner.run(SuiteRunner.java:286)
at org.testng.SuiteRunnerWorker.runSuite(SuiteRunnerWorker.java:53)
at org.testng.SuiteRunnerWorker.run(SuiteRunnerWorker.java:96)
at org.testng.TestNG.runSuitesSequentially(TestNG.java:1214)
at org.testng.TestNG.runSuitesLocally(TestNG.java:1136)
at org.testng.TestNG.runSuites(TestNG.java:1066)
at org.testng.TestNG.run(TestNG.java:1034)
at org.testng.remote.AbstractRemoteTestNG.run(AbstractRemoteTestNG.java:115)
at org.testng.remote.RemoteTestNG.initAndRun(RemoteTestNG.java:251)
at org.testng.remote.RemoteTestNG.main(RemoteTestNG.java:77)
]]>
            </full-stacktrace>
          </exception> <!-- org.openqa.selenium.SessionNotCreatedException -->
          <reporter-output>
          </reporter-output>
        </test-method> <!-- hometest -->
      </class> <!-- com.pack.test1.HomepageTest -->
      <class name="com.pack.test1.LoginPageTest">
        <test-method status="FAIL" signature="setup()[pri:0, instance:com.pack.test1.LoginPageTest@27fe3806]" name="setup" is-config="true" duration-ms="3972" started-at="2020-09-05T12:35:51 EDT" finished-at="2020-09-05T12:35:55 EDT">
          <exception class="org.openqa.selenium.SessionNotCreatedException">
            <message>
              <![CDATA[session not created: This version of ChromeDriver only supports Chrome version 83
Build info: version: '4.0.0-alpha-3', revision: '8c567de6dc'
System info: host: 'Dmazes-MacBook-Pro.local', ip: 'fe80:0:0:0:b9:8429:f15c:33e6%en0', os.name: 'Mac OS X', os.arch: 'x86_64', os.version: '10.15.6', java.version: '1.8.0_251'
Driver info: driver.version: ChromeDriver
remote stacktrace: 0   chromedriver                        0x000000010c39fe99 chromedriver + 4808345
1   chromedriver                        0x000000010c33a5f3 chromedriver + 4392435
2   chromedriver                        0x000000010bfc629d chromedriver + 770717
3   chromedriver                        0x000000010bf23689 chromedriver + 104073
4   chromedriver                        0x000000010bf1f940 chromedriver + 88384
5   chromedriver                        0x000000010bf1cc99 chromedriver + 76953
6   chromedriver                        0x000000010bf4efa3 chromedriver + 282531
7   chromedriver                        0x000000010bf4bda3 chromedriver + 269731
8   chromedriver                        0x000000010bf258dd chromedriver + 112861
9   chromedriver                        0x000000010bf26875 chromedriver + 116853
10  chromedriver                        0x000000010c36247f chromedriver + 4555903
11  chromedriver                        0x000000010c36f77a chromedriver + 4609914
12  chromedriver                        0x000000010c36f509 chromedriver + 4609289
13  chromedriver                        0x000000010c346319 chromedriver + 4440857
14  chromedriver                        0x000000010c36fd03 chromedriver + 4611331
15  chromedriver                        0x000000010c358083 chromedriver + 4513923
16  chromedriver                        0x000000010c386454 chromedriver + 4703316
17  chromedriver                        0x000000010c3a5f57 chromedriver + 4833111
18  libsystem_pthread.dylib             0x00007fff6c5b8109 _pthread_start + 148
19  libsystem_pthread.dylib             0x00007fff6c5b3b8b thread_start + 15
]]>
            </message>
            <full-stacktrace>
              <![CDATA[org.openqa.selenium.SessionNotCreatedException: session not created: This version of ChromeDriver only supports Chrome version 83
Build info: version: '4.0.0-alpha-3', revision: '8c567de6dc'
System info: host: 'Dmazes-MacBook-Pro.local', ip: 'fe80:0:0:0:b9:8429:f15c:33e6%en0', os.name: 'Mac OS X', os.arch: 'x86_64', os.version: '10.15.6', java.version: '1.8.0_251'
Driver info: driver.version: ChromeDriver
remote stacktrace: 0   chromedriver                        0x000000010c39fe99 chromedriver + 4808345
1   chromedriver                        0x000000010c33a5f3 chromedriver + 4392435
2   chromedriver                        0x000000010bfc629d chromedriver + 770717
3   chromedriver                        0x000000010bf23689 chromedriver + 104073
4   chromedriver                        0x000000010bf1f940 chromedriver + 88384
5   chromedriver                        0x000000010bf1cc99 chromedriver + 76953
6   chromedriver                        0x000000010bf4efa3 chromedriver + 282531
7   chromedriver                        0x000000010bf4bda3 chromedriver + 269731
8   chromedriver                        0x000000010bf258dd chromedriver + 112861
9   chromedriver                        0x000000010bf26875 chromedriver + 116853
10  chromedriver                        0x000000010c36247f chromedriver + 4555903
11  chromedriver                        0x000000010c36f77a chromedriver + 4609914
12  chromedriver                        0x000000010c36f509 chromedriver + 4609289
13  chromedriver                        0x000000010c346319 chromedriver + 4440857
14  chromedriver                        0x000000010c36fd03 chromedriver + 4611331
15  chromedriver                        0x000000010c358083 chromedriver + 4513923
16  chromedriver                        0x000000010c386454 chromedriver + 4703316
17  chromedriver                        0x000000010c3a5f57 chromedriver + 4833111
18  libsystem_pthread.dylib             0x00007fff6c5b8109 _pthread_start + 148
19  libsystem_pthread.dylib             0x00007fff6c5b3b8b thread_start + 15

at sun.reflect.NativeConstructorAccessorImpl.newInstance0(Native Method)
at sun.reflect.NativeConstructorAccessorImpl.newInstance(NativeConstructorAccessorImpl.java:62)
at sun.reflect.DelegatingConstructorAccessorImpl.newInstance(DelegatingConstructorAccessorImpl.java:45)
at java.lang.reflect.Constructor.newInstance(Constructor.java:423)
at org.openqa.selenium.remote.W3CHandshakeResponse.lambda$errorHandler$0(W3CHandshakeResponse.java:62)
at org.openqa.selenium.remote.HandshakeResponse.lambda$getResponseFunction$0(HandshakeResponse.java:30)
at org.openqa.selenium.remote.ProtocolHandshake.lambda$createSession$1(ProtocolHandshake.java:127)
at java.util.stream.ReferencePipeline$3$1.accept(ReferencePipeline.java:193)
at java.util.Spliterators$ArraySpliterator.tryAdvance(Spliterators.java:958)
at java.util.stream.ReferencePipeline.forEachWithCancel(ReferencePipeline.java:126)
at java.util.stream.AbstractPipeline.copyIntoWithCancel(AbstractPipeline.java:499)
at java.util.stream.AbstractPipeline.copyInto(AbstractPipeline.java:486)
at java.util.stream.AbstractPipeline.wrapAndCopyInto(AbstractPipeline.java:472)
at java.util.stream.FindOps$FindOp.evaluateSequential(FindOps.java:152)
at java.util.stream.AbstractPipeline.evaluate(AbstractPipeline.java:234)
at java.util.stream.ReferencePipeline.findFirst(ReferencePipeline.java:464)
at org.openqa.selenium.remote.ProtocolHandshake.createSession(ProtocolHandshake.java:129)
at org.openqa.selenium.remote.ProtocolHandshake.createSession(ProtocolHandshake.java:75)
at org.openqa.selenium.remote.HttpCommandExecutor.execute(HttpCommandExecutor.java:139)
at org.openqa.selenium.remote.service.DriverCommandExecutor.execute(DriverCommandExecutor.java:83)
at org.openqa.selenium.remote.RemoteWebDriver.execute(RemoteWebDriver.java:576)
at org.openqa.selenium.remote.RemoteWebDriver.startSession(RemoteWebDriver.java:210)
at org.openqa.selenium.remote.RemoteWebDriver.<init>(RemoteWebDriver.java:130)
at org.openqa.selenium.chromium.ChromiumDriver.<init>(ChromiumDriver.java:75)
at org.openqa.selenium.chrome.ChromeDriver.<init>(ChromeDriver.java:163)
at org.openqa.selenium.chrome.ChromeDriver.<init>(ChromeDriver.java:150)
at org.openqa.selenium.chrome.ChromeDriver.<init>(ChromeDriver.java:105)
at com.pack.test1.BaseTest.setup(BaseTest.java:38)
at sun.reflect.NativeMethodAccessorImpl.invoke0(Native Method)
at sun.reflect.NativeMethodAccessorImpl.invoke(NativeMethodAccessorImpl.java:62)
at sun.reflect.DelegatingMethodAccessorImpl.invoke(DelegatingMethodAccessorImpl.java:43)
at java.lang.reflect.Method.invoke(Method.java:498)
at org.testng.internal.MethodInvocationHelper.invokeMethod(MethodInvocationHelper.java:135)
at org.testng.internal.MethodInvocationHelper.invokeMethodConsideringTimeout(MethodInvocationHelper.java:64)
at org.testng.internal.ConfigInvoker.invokeConfigurationMethod(ConfigInvoker.java:364)
at org.testng.internal.ConfigInvoker.invokeConfigurations(ConfigInvoker.java:318)
at org.testng.internal.TestInvoker.runConfigMethods(TestInvoker.java:700)
at org.testng.internal.TestInvoker.invokeMethod(TestInvoker.java:527)
at org.testng.internal.TestInvoker.invokeTestMethod(TestInvoker.java:174)
at org.testng.internal.MethodRunner.runInSequence(MethodRunner.java:46)
at org.testng.internal.TestInvoker$MethodInvocationAgent.invoke(TestInvoker.java:821)
at org.testng.internal.TestInvoker.invokeTestMethods(TestInvoker.java:147)
at org.testng.internal.TestMethodWorker.invokeTestMethods(TestMethodWorker.java:146)
at org.testng.internal.TestMethodWorker.run(TestMethodWorker.java:128)
at java.util.ArrayList.forEach(ArrayList.java:1257)
at org.testng.TestRunner.privateRun(TestRunner.java:767)
at org.testng.TestRunner.run(TestRunner.java:588)
at org.testng.SuiteRunner.runTest(SuiteRunner.java:384)
at org.testng.SuiteRunner.runSequentially(SuiteRunner.java:378)
at org.testng.SuiteRunner.privateRun(SuiteRunner.java:337)
at org.testng.SuiteRunner.run(SuiteRunner.java:286)
at org.testng.SuiteRunnerWorker.runSuite(SuiteRunnerWorker.java:53)
at org.testng.SuiteRunnerWorker.run(SuiteRunnerWorker.java:96)
at org.testng.TestNG.runSuitesSequentially(TestNG.java:1214)
at org.testng.TestNG.runSuitesLocally(TestNG.java:1136)
at org.testng.TestNG.runSuites(TestNG.java:1066)
at org.testng.TestNG.run(TestNG.java:1034)
at org.testng.remote.AbstractRemoteTestNG.run(AbstractRemoteTestNG.java:115)
at org.testng.remote.RemoteTestNG.initAndRun(RemoteTestNG.java:251)
at org.testng.remote.RemoteTestNG.main(RemoteTestNG.java:77)
]]>
            </full-stacktrace>
          </exception> <!-- org.openqa.selenium.SessionNotCreatedException -->
          <reporter-output>
          </reporter-output>
        </test-method> <!-- setup -->
        <test-method status="SKIP" signature="logincheck(java.lang.String, java.lang.String)[pri:0, instance:com.pack.test1.LoginPageTest@27fe3806]" name="logincheck" duration-ms="0" started-at="2020-09-05T12:35:55 EDT" data-provider="Data" finished-at="2020-09-05T12:35:55 EDT">
          <exception class="org.openqa.selenium.SessionNotCreatedException">
            <message>
              <![CDATA[session not created: This version of ChromeDriver only supports Chrome version 83
Build info: version: '4.0.0-alpha-3', revision: '8c567de6dc'
System info: host: 'Dmazes-MacBook-Pro.local', ip: 'fe80:0:0:0:b9:8429:f15c:33e6%en0', os.name: 'Mac OS X', os.arch: 'x86_64', os.version: '10.15.6', java.version: '1.8.0_251'
Driver info: driver.version: ChromeDriver
remote stacktrace: 0   chromedriver                        0x000000010c39fe99 chromedriver + 4808345
1   chromedriver                        0x000000010c33a5f3 chromedriver + 4392435
2   chromedriver                        0x000000010bfc629d chromedriver + 770717
3   chromedriver                        0x000000010bf23689 chromedriver + 104073
4   chromedriver                        0x000000010bf1f940 chromedriver + 88384
5   chromedriver                        0x000000010bf1cc99 chromedriver + 76953
6   chromedriver                        0x000000010bf4efa3 chromedriver + 282531
7   chromedriver                        0x000000010bf4bda3 chromedriver + 269731
8   chromedriver                        0x000000010bf258dd chromedriver + 112861
9   chromedriver                        0x000000010bf26875 chromedriver + 116853
10  chromedriver                        0x000000010c36247f chromedriver + 4555903
11  chromedriver                        0x000000010c36f77a chromedriver + 4609914
12  chromedriver                        0x000000010c36f509 chromedriver + 4609289
13  chromedriver                        0x000000010c346319 chromedriver + 4440857
14  chromedriver                        0x000000010c36fd03 chromedriver + 4611331
15  chromedriver                        0x000000010c358083 chromedriver + 4513923
16  chromedriver                        0x000000010c386454 chromedriver + 4703316
17  chromedriver                        0x000000010c3a5f57 chromedriver + 4833111
18  libsystem_pthread.dylib             0x00007fff6c5b8109 _pthread_start + 148
19  libsystem_pthread.dylib             0x00007fff6c5b3b8b thread_start + 15
]]>
            </message>
            <full-stacktrace>
              <![CDATA[org.openqa.selenium.SessionNotCreatedException: session not created: This version of ChromeDriver only supports Chrome version 83
Build info: version: '4.0.0-alpha-3', revision: '8c567de6dc'
System info: host: 'Dmazes-MacBook-Pro.local', ip: 'fe80:0:0:0:b9:8429:f15c:33e6%en0', os.name: 'Mac OS X', os.arch: 'x86_64', os.version: '10.15.6', java.version: '1.8.0_251'
Driver info: driver.version: ChromeDriver
remote stacktrace: 0   chromedriver                        0x000000010c39fe99 chromedriver + 4808345
1   chromedriver                        0x000000010c33a5f3 chromedriver + 4392435
2   chromedriver                        0x000000010bfc629d chromedriver + 770717
3   chromedriver                        0x000000010bf23689 chromedriver + 104073
4   chromedriver                        0x000000010bf1f940 chromedriver + 88384
5   chromedriver                        0x000000010bf1cc99 chromedriver + 76953
6   chromedriver                        0x000000010bf4efa3 chromedriver + 282531
7   chromedriver                        0x000000010bf4bda3 chromedriver + 269731
8   chromedriver                        0x000000010bf258dd chromedriver + 112861
9   chromedriver                        0x000000010bf26875 chromedriver + 116853
10  chromedriver                        0x000000010c36247f chromedriver + 4555903
11  chromedriver                        0x000000010c36f77a chromedriver + 4609914
12  chromedriver                        0x000000010c36f509 chromedriver + 4609289
13  chromedriver                        0x000000010c346319 chromedriver + 4440857
14  chromedriver                        0x000000010c36fd03 chromedriver + 4611331
15  chromedriver                        0x000000010c358083 chromedriver + 4513923
16  chromedriver                        0x000000010c386454 chromedriver + 4703316
17  chromedriver                        0x000000010c3a5f57 chromedriver + 4833111
18  libsystem_pthread.dylib             0x00007fff6c5b8109 _pthread_start + 148
19  libsystem_pthread.dylib             0x00007fff6c5b3b8b thread_start + 15

at sun.reflect.NativeConstructorAccessorImpl.newInstance0(Native Method)
at sun.reflect.NativeConstructorAccessorImpl.newInstance(NativeConstructorAccessorImpl.java:62)
at sun.reflect.DelegatingConstructorAccessorImpl.newInstance(DelegatingConstructorAccessorImpl.java:45)
at java.lang.reflect.Constructor.newInstance(Constructor.java:423)
at org.openqa.selenium.remote.W3CHandshakeResponse.lambda$errorHandler$0(W3CHandshakeResponse.java:62)
at org.openqa.selenium.remote.HandshakeResponse.lambda$getResponseFunction$0(HandshakeResponse.java:30)
at org.openqa.selenium.remote.ProtocolHandshake.lambda$createSession$1(ProtocolHandshake.java:127)
at java.util.stream.ReferencePipeline$3$1.accept(ReferencePipeline.java:193)
at java.util.Spliterators$ArraySpliterator.tryAdvance(Spliterators.java:958)
at java.util.stream.ReferencePipeline.forEachWithCancel(ReferencePipeline.java:126)
at java.util.stream.AbstractPipeline.copyIntoWithCancel(AbstractPipeline.java:499)
at java.util.stream.AbstractPipeline.copyInto(AbstractPipeline.java:486)
at java.util.stream.AbstractPipeline.wrapAndCopyInto(AbstractPipeline.java:472)
at java.util.stream.FindOps$FindOp.evaluateSequential(FindOps.java:152)
at java.util.stream.AbstractPipeline.evaluate(AbstractPipeline.java:234)
at java.util.stream.ReferencePipeline.findFirst(ReferencePipeline.java:464)
at org.openqa.selenium.remote.ProtocolHandshake.createSession(ProtocolHandshake.java:129)
at org.openqa.selenium.remote.ProtocolHandshake.createSession(ProtocolHandshake.java:75)
at org.openqa.selenium.remote.HttpCommandExecutor.execute(HttpCommandExecutor.java:139)
at org.openqa.selenium.remote.service.DriverCommandExecutor.execute(DriverCommandExecutor.java:83)
at org.openqa.selenium.remote.RemoteWebDriver.execute(RemoteWebDriver.java:576)
at org.openqa.selenium.remote.RemoteWebDriver.startSession(RemoteWebDriver.java:210)
at org.openqa.selenium.remote.RemoteWebDriver.<init>(RemoteWebDriver.java:130)
at org.openqa.selenium.chromium.ChromiumDriver.<init>(ChromiumDriver.java:75)
at org.openqa.selenium.chrome.ChromeDriver.<init>(ChromeDriver.java:163)
at org.openqa.selenium.chrome.ChromeDriver.<init>(ChromeDriver.java:150)
at org.openqa.selenium.chrome.ChromeDriver.<init>(ChromeDriver.java:105)
at com.pack.test1.BaseTest.setup(BaseTest.java:38)
at sun.reflect.NativeMethodAccessorImpl.invoke0(Native Method)
at sun.reflect.NativeMethodAccessorImpl.invoke(NativeMethodAccessorImpl.java:62)
at sun.reflect.DelegatingMethodAccessorImpl.invoke(DelegatingMethodAccessorImpl.java:43)
at java.lang.reflect.Method.invoke(Method.java:498)
at org.testng.internal.MethodInvocationHelper.invokeMethod(MethodInvocationHelper.java:135)
at org.testng.internal.MethodInvocationHelper.invokeMethodConsideringTimeout(MethodInvocationHelper.java:64)
at org.testng.internal.ConfigInvoker.invokeConfigurationMethod(ConfigInvoker.java:364)
at org.testng.internal.ConfigInvoker.invokeConfigurations(ConfigInvoker.java:318)
at org.testng.internal.TestInvoker.runConfigMethods(TestInvoker.java:700)
at org.testng.internal.TestInvoker.invokeMethod(TestInvoker.java:527)
at org.testng.internal.TestInvoker.invokeTestMethod(TestInvoker.java:174)
at org.testng.internal.MethodRunner.runInSequence(MethodRunner.java:46)
at org.testng.internal.TestInvoker$MethodInvocationAgent.invoke(TestInvoker.java:821)
at org.testng.internal.TestInvoker.invokeTestMethods(TestInvoker.java:147)
at org.testng.internal.TestMethodWorker.invokeTestMethods(TestMethodWorker.java:146)
at org.testng.internal.TestMethodWorker.run(TestMethodWorker.java:128)
at java.util.ArrayList.forEach(ArrayList.java:1257)
at org.testng.TestRunner.privateRun(TestRunner.java:767)
at org.testng.TestRunner.run(TestRunner.java:588)
at org.testng.SuiteRunner.runTest(SuiteRunner.java:384)
at org.testng.SuiteRunner.runSequentially(SuiteRunner.java:378)
at org.testng.SuiteRunner.privateRun(SuiteRunner.java:337)
at org.testng.SuiteRunner.run(SuiteRunner.java:286)
at org.testng.SuiteRunnerWorker.runSuite(SuiteRunnerWorker.java:53)
at org.testng.SuiteRunnerWorker.run(SuiteRunnerWorker.java:96)
at org.testng.TestNG.runSuitesSequentially(TestNG.java:1214)
at org.testng.TestNG.runSuitesLocally(TestNG.java:1136)
at org.testng.TestNG.runSuites(TestNG.java:1066)
at org.testng.TestNG.run(TestNG.java:1034)
at org.testng.remote.AbstractRemoteTestNG.run(AbstractRemoteTestNG.java:115)
at org.testng.remote.RemoteTestNG.initAndRun(RemoteTestNG.java:251)
at org.testng.remote.RemoteTestNG.main(RemoteTestNG.java:77)
]]>
            </full-stacktrace>
          </exception> <!-- org.openqa.selenium.SessionNotCreatedException -->
          <reporter-output>
          </reporter-output>
        </test-method> <!-- logincheck -->
        <test-method status="SKIP" signature="setup()[pri:0, instance:com.pack.test1.LoginPageTest@27fe3806]" name="setup" is-config="true" duration-ms="-1599323755439" started-at="2020-09-05T12:35:55 EDT" finished-at="1969-12-31T19:00:00 EST">
          <reporter-output>
          </reporter-output>
        </test-method> <!-- setup -->
        <test-method status="SKIP" signature="logincheck(java.lang.String, java.lang.String)[pri:0, instance:com.pack.test1.LoginPageTest@27fe3806]" name="logincheck" duration-ms="0" started-at="2020-09-05T12:35:55 EDT" data-provider="Data" finished-at="2020-09-05T12:35:55 EDT">
          <exception class="org.openqa.selenium.SessionNotCreatedException">
            <message>
              <![CDATA[session not created: This version of ChromeDriver only supports Chrome version 83
Build info: version: '4.0.0-alpha-3', revision: '8c567de6dc'
System info: host: 'Dmazes-MacBook-Pro.local', ip: 'fe80:0:0:0:b9:8429:f15c:33e6%en0', os.name: 'Mac OS X', os.arch: 'x86_64', os.version: '10.15.6', java.version: '1.8.0_251'
Driver info: driver.version: ChromeDriver
remote stacktrace: 0   chromedriver                        0x000000010c39fe99 chromedriver + 4808345
1   chromedriver                        0x000000010c33a5f3 chromedriver + 4392435
2   chromedriver                        0x000000010bfc629d chromedriver + 770717
3   chromedriver                        0x000000010bf23689 chromedriver + 104073
4   chromedriver                        0x000000010bf1f940 chromedriver + 88384
5   chromedriver                        0x000000010bf1cc99 chromedriver + 76953
6   chromedriver                        0x000000010bf4efa3 chromedriver + 282531
7   chromedriver                        0x000000010bf4bda3 chromedriver + 269731
8   chromedriver                        0x000000010bf258dd chromedriver + 112861
9   chromedriver                        0x000000010bf26875 chromedriver + 116853
10  chromedriver                        0x000000010c36247f chromedriver + 4555903
11  chromedriver                        0x000000010c36f77a chromedriver + 4609914
12  chromedriver                        0x000000010c36f509 chromedriver + 4609289
13  chromedriver                        0x000000010c346319 chromedriver + 4440857
14  chromedriver                        0x000000010c36fd03 chromedriver + 4611331
15  chromedriver                        0x000000010c358083 chromedriver + 4513923
16  chromedriver                        0x000000010c386454 chromedriver + 4703316
17  chromedriver                        0x000000010c3a5f57 chromedriver + 4833111
18  libsystem_pthread.dylib             0x00007fff6c5b8109 _pthread_start + 148
19  libsystem_pthread.dylib             0x00007fff6c5b3b8b thread_start + 15
]]>
            </message>
            <full-stacktrace>
              <![CDATA[org.openqa.selenium.SessionNotCreatedException: session not created: This version of ChromeDriver only supports Chrome version 83
Build info: version: '4.0.0-alpha-3', revision: '8c567de6dc'
System info: host: 'Dmazes-MacBook-Pro.local', ip: 'fe80:0:0:0:b9:8429:f15c:33e6%en0', os.name: 'Mac OS X', os.arch: 'x86_64', os.version: '10.15.6', java.version: '1.8.0_251'
Driver info: driver.version: ChromeDriver
remote stacktrace: 0   chromedriver                        0x000000010c39fe99 chromedriver + 4808345
1   chromedriver                        0x000000010c33a5f3 chromedriver + 4392435
2   chromedriver                        0x000000010bfc629d chromedriver + 770717
3   chromedriver                        0x000000010bf23689 chromedriver + 104073
4   chromedriver                        0x000000010bf1f940 chromedriver + 88384
5   chromedriver                        0x000000010bf1cc99 chromedriver + 76953
6   chromedriver                        0x000000010bf4efa3 chromedriver + 282531
7   chromedriver                        0x000000010bf4bda3 chromedriver + 269731
8   chromedriver                        0x000000010bf258dd chromedriver + 112861
9   chromedriver                        0x000000010bf26875 chromedriver + 116853
10  chromedriver                        0x000000010c36247f chromedriver + 4555903
11  chromedriver                        0x000000010c36f77a chromedriver + 4609914
12  chromedriver                        0x000000010c36f509 chromedriver + 4609289
13  chromedriver                        0x000000010c346319 chromedriver + 4440857
14  chromedriver                        0x000000010c36fd03 chromedriver + 4611331
15  chromedriver                        0x000000010c358083 chromedriver + 4513923
16  chromedriver                        0x000000010c386454 chromedriver + 4703316
17  chromedriver                        0x000000010c3a5f57 chromedriver + 4833111
18  libsystem_pthread.dylib             0x00007fff6c5b8109 _pthread_start + 148
19  libsystem_pthread.dylib             0x00007fff6c5b3b8b thread_start + 15

at sun.reflect.NativeConstructorAccessorImpl.newInstance0(Native Method)
at sun.reflect.NativeConstructorAccessorImpl.newInstance(NativeConstructorAccessorImpl.java:62)
at sun.reflect.DelegatingConstructorAccessorImpl.newInstance(DelegatingConstructorAccessorImpl.java:45)
at java.lang.reflect.Constructor.newInstance(Constructor.java:423)
at org.openqa.selenium.remote.W3CHandshakeResponse.lambda$errorHandler$0(W3CHandshakeResponse.java:62)
at org.openqa.selenium.remote.HandshakeResponse.lambda$getResponseFunction$0(HandshakeResponse.java:30)
at org.openqa.selenium.remote.ProtocolHandshake.lambda$createSession$1(ProtocolHandshake.java:127)
at java.util.stream.ReferencePipeline$3$1.accept(ReferencePipeline.java:193)
at java.util.Spliterators$ArraySpliterator.tryAdvance(Spliterators.java:958)
at java.util.stream.ReferencePipeline.forEachWithCancel(ReferencePipeline.java:126)
at java.util.stream.AbstractPipeline.copyIntoWithCancel(AbstractPipeline.java:499)
at java.util.stream.AbstractPipeline.copyInto(AbstractPipeline.java:486)
at java.util.stream.AbstractPipeline.wrapAndCopyInto(AbstractPipeline.java:472)
at java.util.stream.FindOps$FindOp.evaluateSequential(FindOps.java:152)
at java.util.stream.AbstractPipeline.evaluate(AbstractPipeline.java:234)
at java.util.stream.ReferencePipeline.findFirst(ReferencePipeline.java:464)
at org.openqa.selenium.remote.ProtocolHandshake.createSession(ProtocolHandshake.java:129)
at org.openqa.selenium.remote.ProtocolHandshake.createSession(ProtocolHandshake.java:75)
at org.openqa.selenium.remote.HttpCommandExecutor.execute(HttpCommandExecutor.java:139)
at org.openqa.selenium.remote.service.DriverCommandExecutor.execute(DriverCommandExecutor.java:83)
at org.openqa.selenium.remote.RemoteWebDriver.execute(RemoteWebDriver.java:576)
at org.openqa.selenium.remote.RemoteWebDriver.startSession(RemoteWebDriver.java:210)
at org.openqa.selenium.remote.RemoteWebDriver.<init>(RemoteWebDriver.java:130)
at org.openqa.selenium.chromium.ChromiumDriver.<init>(ChromiumDriver.java:75)
at org.openqa.selenium.chrome.ChromeDriver.<init>(ChromeDriver.java:163)
at org.openqa.selenium.chrome.ChromeDriver.<init>(ChromeDriver.java:150)
at org.openqa.selenium.chrome.ChromeDriver.<init>(ChromeDriver.java:105)
at com.pack.test1.BaseTest.setup(BaseTest.java:38)
at sun.reflect.NativeMethodAccessorImpl.invoke0(Native Method)
at sun.reflect.NativeMethodAccessorImpl.invoke(NativeMethodAccessorImpl.java:62)
at sun.reflect.DelegatingMethodAccessorImpl.invoke(DelegatingMethodAccessorImpl.java:43)
at java.lang.reflect.Method.invoke(Method.java:498)
at org.testng.internal.MethodInvocationHelper.invokeMethod(MethodInvocationHelper.java:135)
at org.testng.internal.MethodInvocationHelper.invokeMethodConsideringTimeout(MethodInvocationHelper.java:64)
at org.testng.internal.ConfigInvoker.invokeConfigurationMethod(ConfigInvoker.java:364)
at org.testng.internal.ConfigInvoker.invokeConfigurations(ConfigInvoker.java:318)
at org.testng.internal.TestInvoker.runConfigMethods(TestInvoker.java:700)
at org.testng.internal.TestInvoker.invokeMethod(TestInvoker.java:527)
at org.testng.internal.TestInvoker.invokeTestMethod(TestInvoker.java:174)
at org.testng.internal.MethodRunner.runInSequence(MethodRunner.java:46)
at org.testng.internal.TestInvoker$MethodInvocationAgent.invoke(TestInvoker.java:821)
at org.testng.internal.TestInvoker.invokeTestMethods(TestInvoker.java:147)
at org.testng.internal.TestMethodWorker.invokeTestMethods(TestMethodWorker.java:146)
at org.testng.internal.TestMethodWorker.run(TestMethodWorker.java:128)
at java.util.ArrayList.forEach(ArrayList.java:1257)
at org.testng.TestRunner.privateRun(TestRunner.java:767)
at org.testng.TestRunner.run(TestRunner.java:588)
at org.testng.SuiteRunner.runTest(SuiteRunner.java:384)
at org.testng.SuiteRunner.runSequentially(SuiteRunner.java:378)
at org.testng.SuiteRunner.privateRun(SuiteRunner.java:337)
at org.testng.SuiteRunner.run(SuiteRunner.java:286)
at org.testng.SuiteRunnerWorker.runSuite(SuiteRunnerWorker.java:53)
at org.testng.SuiteRunnerWorker.run(SuiteRunnerWorker.java:96)
at org.testng.TestNG.runSuitesSequentially(TestNG.java:1214)
at org.testng.TestNG.runSuitesLocally(TestNG.java:1136)
at org.testng.TestNG.runSuites(TestNG.java:1066)
at org.testng.TestNG.run(TestNG.java:1034)
at org.testng.remote.AbstractRemoteTestNG.run(AbstractRemoteTestNG.java:115)
at org.testng.remote.RemoteTestNG.initAndRun(RemoteTestNG.java:251)
at org.testng.remote.RemoteTestNG.main(RemoteTestNG.java:77)
]]>
            </full-stacktrace>
          </exception> <!-- org.openqa.selenium.SessionNotCreatedException -->
          <reporter-output>
          </reporter-output>
        </test-method> <!-- logincheck -->
        <test-method status="FAIL" signature="tearDown()[pri:0, instance:com.pack.test1.LoginPageTest@27fe3806]" name="tearDown" is-config="true" duration-ms="1" started-at="2020-09-05T12:36:03 EDT" finished-at="2020-09-05T12:36:03 EDT">
          <exception class="java.lang.NullPointerException">
            <full-stacktrace>
              <![CDATA[java.lang.NullPointerException
at com.pack.test1.BaseTest.tearDown(BaseTest.java:56)
at sun.reflect.NativeMethodAccessorImpl.invoke0(Native Method)
at sun.reflect.NativeMethodAccessorImpl.invoke(NativeMethodAccessorImpl.java:62)
at sun.reflect.DelegatingMethodAccessorImpl.invoke(DelegatingMethodAccessorImpl.java:43)
at java.lang.reflect.Method.invoke(Method.java:498)
at org.testng.internal.MethodInvocationHelper.invokeMethod(MethodInvocationHelper.java:135)
at org.testng.internal.MethodInvocationHelper.invokeMethodConsideringTimeout(MethodInvocationHelper.java:64)
at org.testng.internal.ConfigInvoker.invokeConfigurationMethod(ConfigInvoker.java:364)
at org.testng.internal.ConfigInvoker.invokeConfigurations(ConfigInvoker.java:318)
at org.testng.SuiteRunner.privateRun(SuiteRunner.java:351)
at org.testng.SuiteRunner.run(SuiteRunner.java:286)
at org.testng.SuiteRunnerWorker.runSuite(SuiteRunnerWorker.java:53)
at org.testng.SuiteRunnerWorker.run(SuiteRunnerWorker.java:96)
at org.testng.TestNG.runSuitesSequentially(TestNG.java:1214)
at org.testng.TestNG.runSuitesLocally(TestNG.java:1136)
at org.testng.TestNG.runSuites(TestNG.java:1066)
at org.testng.TestNG.run(TestNG.java:1034)
at org.testng.remote.AbstractRemoteTestNG.run(AbstractRemoteTestNG.java:115)
at org.testng.remote.RemoteTestNG.initAndRun(RemoteTestNG.java:251)
at org.testng.remote.RemoteTestNG.main(RemoteTestNG.java:77)
]]>
            </full-stacktrace>
          </exception> <!-- java.lang.NullPointerException -->
          <reporter-output>
          </reporter-output>
        </test-method> <!-- tearDown -->
      </class> <!-- com.pack.test1.LoginPageTest -->
    </test> <!-- Test -->
  </suite> <!-- Suite -->
</testng-results>
