<?xml version="1.0" encoding="UTF-8"?>
<!-- Generated by org.testng.reporters.JUnitXMLReporter -->
<testsuite hostname="Dmazes-MacBook-Pro.local" ignored="0" name="Default test" tests="1" failures="0" timestamp="2020-09-04T13:15:42 EDT" time="2.593" errors="0">
  <testcase name="@BeforeMethod setup" time="2.519" classname="com.pack.test1.BaseTest">
    <failure type="org.openqa.selenium.SessionNotCreatedException" message="session not created: This version of ChromeDriver only supports Chrome version 83
Build info: version: &amp;apos;4.0.0-alpha-3&amp;apos;, revision: &amp;apos;8c567de6dc&amp;apos;
System info: host: &amp;apos;Dmazes-MacBook-Pro.local&amp;apos;, ip: &amp;apos;fe80:0:0:0:18bf:d2c9:c161:4786%en0&amp;apos;, os.name: &amp;apos;Mac OS X&amp;apos;, os.arch: &amp;apos;x86_64&amp;apos;, os.version: &amp;apos;10.15.6&amp;apos;, java.version: &amp;apos;1.8.0_251&amp;apos;
Driver info: driver.version: ChromeDriver
remote stacktrace: 0   chromedriver                        0x000000010c22ce99 chromedriver + 4808345
1   chromedriver                        0x000000010c1c75f3 chromedriver + 4392435
2   chromedriver                        0x000000010be5329d chromedriver + 770717
3   chromedriver                        0x000000010bdb0689 chromedriver + 104073
4   chromedriver                        0x000000010bdac940 chromedriver + 88384
5   chromedriver                        0x000000010bda9c99 chromedriver + 76953
6   chromedriver                        0x000000010bddbfa3 chromedriver + 282531
7   chromedriver                        0x000000010bdd8da3 chromedriver + 269731
8   chromedriver                        0x000000010bdb28dd chromedriver + 112861
9   chromedriver                        0x000000010bdb3875 chromedriver + 116853
10  chromedriver                        0x000000010c1ef47f chromedriver + 4555903
11  chromedriver                        0x000000010c1fc77a chromedriver + 4609914
12  chromedriver                        0x000000010c1fc509 chromedriver + 4609289
13  chromedriver                        0x000000010c1d3319 chromedriver + 4440857
14  chromedriver                        0x000000010c1fcd03 chromedriver + 4611331
15  chromedriver                        0x000000010c1e5083 chromedriver + 4513923
16  chromedriver                        0x000000010c213454 chromedriver + 4703316
17  chromedriver                        0x000000010c232f57 chromedriver + 4833111
18  libsystem_pthread.dylib             0x00007fff6c7d8109 _pthread_start + 148
19  libsystem_pthread.dylib             0x00007fff6c7d3b8b thread_start + 15
">
      <![CDATA[org.openqa.selenium.SessionNotCreatedException: session not created: This version of ChromeDriver only supports Chrome version 83
Build info: version: '4.0.0-alpha-3', revision: '8c567de6dc'
System info: host: 'Dmazes-MacBook-Pro.local', ip: 'fe80:0:0:0:18bf:d2c9:c161:4786%en0', os.name: 'Mac OS X', os.arch: 'x86_64', os.version: '10.15.6', java.version: '1.8.0_251'
Driver info: driver.version: ChromeDriver
remote stacktrace: 0   chromedriver                        0x000000010c22ce99 chromedriver + 4808345
1   chromedriver                        0x000000010c1c75f3 chromedriver + 4392435
2   chromedriver                        0x000000010be5329d chromedriver + 770717
3   chromedriver                        0x000000010bdb0689 chromedriver + 104073
4   chromedriver                        0x000000010bdac940 chromedriver + 88384
5   chromedriver                        0x000000010bda9c99 chromedriver + 76953
6   chromedriver                        0x000000010bddbfa3 chromedriver + 282531
7   chromedriver                        0x000000010bdd8da3 chromedriver + 269731
8   chromedriver                        0x000000010bdb28dd chromedriver + 112861
9   chromedriver                        0x000000010bdb3875 chromedriver + 116853
10  chromedriver                        0x000000010c1ef47f chromedriver + 4555903
11  chromedriver                        0x000000010c1fc77a chromedriver + 4609914
12  chromedriver                        0x000000010c1fc509 chromedriver + 4609289
13  chromedriver                        0x000000010c1d3319 chromedriver + 4440857
14  chromedriver                        0x000000010c1fcd03 chromedriver + 4611331
15  chromedriver                        0x000000010c1e5083 chromedriver + 4513923
16  chromedriver                        0x000000010c213454 chromedriver + 4703316
17  chromedriver                        0x000000010c232f57 chromedriver + 4833111
18  libsystem_pthread.dylib             0x00007fff6c7d8109 _pthread_start + 148
19  libsystem_pthread.dylib             0x00007fff6c7d3b8b thread_start + 15

at sun.reflect.NativeConstructorAccessorImpl.newInstance0(Native Method)
at sun.reflect.NativeConstructorAccessorImpl.newInstance(NativeConstructorAccessorImpl.java:62)
at sun.reflect.DelegatingConstructorAccessorImpl.newInstance(DelegatingConstructorAccessorImpl.java:45)
at java.lang.reflect.Constructor.newInstance(Constructor.java:423)
at org.openqa.selenium.remote.W3CHandshakeResponse.lambda$errorHandler$0(W3CHandshakeResponse.java:62)
at org.openqa.selenium.remote.HandshakeResponse.lambda$getResponseFunction$0(HandshakeResponse.java:30)
at org.openqa.selenium.remote.ProtocolHandshake.lambda$createSession$1(ProtocolHandshake.java:127)
at java.util.stream.ReferencePipeline$3$1.accept(ReferencePipeline.java:193)
at java.util.Spliterators$ArraySpliterator.tryAdvance(Spliterators.java:958)
at java.util.stream.ReferencePipeline.forEachWithCancel(ReferencePipeline.java:126)
at java.util.stream.AbstractPipeline.copyIntoWithCancel(AbstractPipeline.java:499)
at java.util.stream.AbstractPipeline.copyInto(AbstractPipeline.java:486)
at java.util.stream.AbstractPipeline.wrapAndCopyInto(AbstractPipeline.java:472)
at java.util.stream.FindOps$FindOp.evaluateSequential(FindOps.java:152)
at java.util.stream.AbstractPipeline.evaluate(AbstractPipeline.java:234)
at java.util.stream.ReferencePipeline.findFirst(ReferencePipeline.java:464)
at org.openqa.selenium.remote.ProtocolHandshake.createSession(ProtocolHandshake.java:129)
at org.openqa.selenium.remote.ProtocolHandshake.createSession(ProtocolHandshake.java:75)
at org.openqa.selenium.remote.HttpCommandExecutor.execute(HttpCommandExecutor.java:139)
at org.openqa.selenium.remote.service.DriverCommandExecutor.execute(DriverCommandExecutor.java:83)
at org.openqa.selenium.remote.RemoteWebDriver.execute(RemoteWebDriver.java:576)
at org.openqa.selenium.remote.RemoteWebDriver.startSession(RemoteWebDriver.java:210)
at org.openqa.selenium.remote.RemoteWebDriver.<init>(RemoteWebDriver.java:130)
at org.openqa.selenium.chromium.ChromiumDriver.<init>(ChromiumDriver.java:75)
at org.openqa.selenium.chrome.ChromeDriver.<init>(ChromeDriver.java:163)
at org.openqa.selenium.chrome.ChromeDriver.<init>(ChromeDriver.java:150)
at org.openqa.selenium.chrome.ChromeDriver.<init>(ChromeDriver.java:105)
at com.pack.test1.BaseTest.setup(BaseTest.java:38)
at sun.reflect.NativeMethodAccessorImpl.invoke0(Native Method)
at sun.reflect.NativeMethodAccessorImpl.invoke(NativeMethodAccessorImpl.java:62)
at sun.reflect.DelegatingMethodAccessorImpl.invoke(DelegatingMethodAccessorImpl.java:43)
at java.lang.reflect.Method.invoke(Method.java:498)
at org.testng.internal.MethodInvocationHelper.invokeMethod(MethodInvocationHelper.java:135)
at org.testng.internal.MethodInvocationHelper.invokeMethodConsideringTimeout(MethodInvocationHelper.java:64)
at org.testng.internal.ConfigInvoker.invokeConfigurationMethod(ConfigInvoker.java:364)
at org.testng.internal.ConfigInvoker.invokeConfigurations(ConfigInvoker.java:318)
at org.testng.internal.TestInvoker.runConfigMethods(TestInvoker.java:700)
at org.testng.internal.TestInvoker.invokeMethod(TestInvoker.java:527)
at org.testng.internal.TestInvoker.invokeTestMethod(TestInvoker.java:174)
at org.testng.internal.MethodRunner.runInSequence(MethodRunner.java:46)
at org.testng.internal.TestInvoker$MethodInvocationAgent.invoke(TestInvoker.java:821)
at org.testng.internal.TestInvoker.invokeTestMethods(TestInvoker.java:147)
at org.testng.internal.TestMethodWorker.invokeTestMethods(TestMethodWorker.java:146)
at org.testng.internal.TestMethodWorker.run(TestMethodWorker.java:128)
at java.util.ArrayList.forEach(ArrayList.java:1257)
at org.testng.TestRunner.privateRun(TestRunner.java:767)
at org.testng.TestRunner.run(TestRunner.java:588)
at org.testng.SuiteRunner.runTest(SuiteRunner.java:384)
at org.testng.SuiteRunner.runSequentially(SuiteRunner.java:378)
at org.testng.SuiteRunner.privateRun(SuiteRunner.java:337)
at org.testng.SuiteRunner.run(SuiteRunner.java:286)
at org.testng.SuiteRunnerWorker.runSuite(SuiteRunnerWorker.java:53)
at org.testng.SuiteRunnerWorker.run(SuiteRunnerWorker.java:96)
at org.testng.TestNG.runSuitesSequentially(TestNG.java:1214)
at org.testng.TestNG.runSuitesLocally(TestNG.java:1136)
at org.testng.TestNG.runSuites(TestNG.java:1066)
at org.testng.TestNG.run(TestNG.java:1034)
at org.testng.remote.AbstractRemoteTestNG.run(AbstractRemoteTestNG.java:115)
at org.testng.remote.RemoteTestNG.initAndRun(RemoteTestNG.java:251)
at org.testng.remote.RemoteTestNG.main(RemoteTestNG.java:77)
]]>
    </failure>
  </testcase> <!-- @BeforeMethod setup -->
  <testcase name="hometest" time="0.0" classname="com.pack.test1.HomepageTest">
    <skipped/>
  </testcase> <!-- hometest -->
</testsuite> <!-- Default test -->
